2018-10-29 19:56:29 +0000 [MT] Initial pipeline context: <IDEDistributionProcessingPipelineContext: 0x7fe2b7078170; archive(resolved)='<IDEArchive: 0x7fe2bb22f700>', distributionTask(resolved)='2', distributionDestination(resolved)='1', distributionMethod(resolved)='<IDEDistributionMethodiOSEnterprise: 0x7fe2b760ba40>', team(resolved)='<IDEProvisioningBasicTeam: 0x7fe2bb657250; teamID='823S57WQK3', teamName='(null)'>'>
	Chain (11, self inclusive):
	<IDEDistributionProcessingPipelineContext: 0x7fe2b7078170; archive = '<IDEArchive: 0x7fe2bb22f700>', distributionMethod='<IDEDistributionMethodiOSEnterprise: 0x7fe2b760ba40>', team='<IDEProvisioningBasicTeam: 0x7fe2bb657250; teamID='823S57WQK3', teamName='(null)'>'>
	<IDEDistributionProcessingPipelineContext: 0x7fe2b7079460; archive = '<IDEArchive: 0x7fe2bb22f700>', distributionMethod='<IDEDistributionMethodiOSEnterprise: 0x7fe2b760ba40>', team='<IDEProvisioningBasicTeam: 0x7fe2bb657250; teamID='823S57WQK3', teamName='(null)'>'>
	<IDEDistributionContext: 0x7fe2b7077f50; archive = '<IDEArchive: 0x7fe2bb22f700>', distributionMethod='<IDEDistributionMethodiOSEnterprise: 0x7fe2b760ba40>', team='<IDEProvisioningBasicTeam: 0x7fe2bb657250; teamID='823S57WQK3', teamName='(null)'>'>
	<IDEDistributionContext: 0x7fe2b46ccd70; archive = '<IDEArchive: 0x7fe2bb22f700>', distributionMethod='<IDEDistributionMethodiOSEnterprise: 0x7fe2b760ba40>', team='<IDEProvisioningBasicTeam: 0x7fe2bb657250; teamID='823S57WQK3', teamName='(null)'>'>
	<IDEDistributionContext: 0x7fe2bb2c3240; archive = '<IDEArchive: 0x7fe2bb22f700>', distributionMethod='<IDEDistributionMethodiOSEnterprise: 0x7fe2b760ba40>', team='<IDEProvisioningBasicTeam: 0x7fe2bb657250; teamID='823S57WQK3', teamName='(null)'>'>
	<IDEDistributionContext: 0x7fe2b70676e0; archive = '<IDEArchive: 0x7fe2bb22f700>', distributionMethod='<IDEDistributionMethodiOSEnterprise: 0x7fe2b760ba40>', team='<IDEProvisioningBasicTeam: 0x7fe2bb657250; teamID='823S57WQK3', teamName='(null)'>'>
	<IDEDistributionContext: 0x7fe2bb2bd960; archive = '<IDEArchive: 0x7fe2bb22f700>', distributionMethod='<IDEDistributionMethodiOSEnterprise: 0x7fe2b760ba40>', team='<IDEProvisioningBasicTeam: 0x7fe2bb657250; teamID='823S57WQK3', teamName='(null)'>'>
	<IDEDistributionContext: 0x7fe2bb2bc680; archive = '<IDEArchive: 0x7fe2bb22f700>', distributionMethod='<IDEDistributionMethodiOSEnterprise: 0x7fe2b760ba40>', team='<IDEProvisioningBasicTeam: 0x7fe2bb657250; teamID='823S57WQK3', teamName='(null)'>'>
	<IDEDistributionContext: 0x7fe2bb5ad2f0; archive = '<IDEArchive: 0x7fe2bb22f700>', distributionMethod='<IDEDistributionMethodiOSEnterprise: 0x7fe2b760ba40>', team='<IDEProvisioningBasicTeam: 0x7fe2bb657250; teamID='823S57WQK3', teamName='(null)'>'>
	<IDEDistributionContext: 0x7fe2bb445830; archive = '<IDEArchive: 0x7fe2bb22f700>', distributionMethod='<IDEDistributionMethodiOSEnterprise: 0x7fe2b760ba40>', team='(null)'>
	<IDEDistributionContext: 0x7fe2bb22ffa0; archive = '<IDEArchive: 0x7fe2bb22f700>', distributionMethod='(null)', team='(null)'>
</IDEDistributionProcessingPipelineContext: 0x7fe2b7078170>
2018-10-29 19:56:29 +0000 [MT] Processing step: IDEDistributionCreateDestRootStep
2018-10-29 19:56:29 +0000 [MT] Processing step: IDEDistributionCopyItemStep
2018-10-29 19:56:29 +0000 [MT] Running /usr/bin/ditto '-V' '/Users/leesha/Dropbox/EECS/Delta Lab/CrowdCheer/CrowdCheer/build/CrowdCheer.xcarchive/Products/Applications/CrowdCheer.app' '/var/folders/8l/80ycd7n15lb47bn2f9dmz6tr0000gn/T/XcodeDistPipeline.p2w/Root/Payload/CrowdCheer.app'
2018-10-29 19:56:29 +0000  >>> Copying /Users/leesha/Dropbox/EECS/Delta Lab/CrowdCheer/CrowdCheer/build/CrowdCheer.xcarchive/Products/Applications/CrowdCheer.app 
2018-10-29 19:56:29 +0000  copying file ./_CodeSignature/CodeResources ... 
2018-10-29 19:56:29 +0000  30636 bytes for ./_CodeSignature/CodeResources
2018-10-29 19:56:29 +0000  copying file ./gps.png ... 
2018-10-29 19:56:29 +0000  2100 bytes for ./gps.png
2018-10-29 19:56:29 +0000  copying file ./CrowdCheer ... 
2018-10-29 19:56:29 +0000  1405344 bytes for ./CrowdCheer
copying file ./silence.mp3 ... 
2018-10-29 19:56:29 +0000  3951744 bytes for ./silence.mp3
copying file ./settings.png ... 
2018-10-29 19:56:29 +0000  3728 bytes for ./settings.png
copying file ./apple-icon.png ... 
13415 bytes for ./apple-icon.png
copying file ./apple-icon-144x144.png ... 
8444 bytes for ./apple-icon-144x144.png
copying file ./apple-icon-precomposed.png ... 
2018-10-29 19:56:29 +0000  13415 bytes for ./apple-icon-precomposed.png
copying file ./profileDefault.png ... 
2018-10-29 19:56:29 +0000  5057 bytes for ./profileDefault.png
2018-10-29 19:56:29 +0000  copying file ./apple-icon-114x114.png ... 
2018-10-29 19:56:29 +0000  5863 bytes for ./apple-icon-114x114.png
copying file ./AppIcon60x60@2x.png ... 
2018-10-29 19:56:29 +0000  6814 bytes for ./AppIcon60x60@2x.png
2018-10-29 19:56:29 +0000  copying file ./map.png ... 
2018-10-29 19:56:29 +0000  1941 bytes for ./map.png
copying file ./AppIcon40x40@3x.png ... 
2018-10-29 19:56:29 +0000  6814 bytes for ./AppIcon40x40@3x.png
2018-10-29 19:56:29 +0000  copying file ./smartphone.png ... 
2018-10-29 19:56:29 +0000  2345 bytes for ./smartphone.png
2018-10-29 19:56:29 +0000  copying file ./AppIcon60x60@3x.png ... 
2018-10-29 19:56:29 +0000  12715 bytes for ./AppIcon60x60@3x.png
2018-10-29 19:56:29 +0000  copying file ./tracking.png ... 
2018-10-29 19:56:29 +0000  12468 bytes for ./tracking.png
2018-10-29 19:56:29 +0000  copying file ./Base.lproj/LaunchScreen.nib ... 
2018-10-29 19:56:29 +0000  4285 bytes for ./Base.lproj/LaunchScreen.nib
2018-10-29 19:56:29 +0000  copying file ./Base.lproj/Main.storyboardc/dMm-wU-aXA-view-M2r-0L-aHZ.nib ... 
2018-10-29 19:56:29 +0000  6935 bytes for ./Base.lproj/Main.storyboardc/dMm-wU-aXA-view-M2r-0L-aHZ.nib
2018-10-29 19:56:29 +0000  copying file ./Base.lproj/Main.storyboardc/prerunViewController.nib ... 
2018-10-29 19:56:29 +0000  2086 bytes for ./Base.lproj/Main.storyboardc/prerunViewController.nib
copying file ./Base.lproj/Main.storyboardc/HAW-fB-p8Q-view-pv5-8p-hIk.nib ... 
2018-10-29 19:56:29 +0000  7965 bytes for ./Base.lproj/Main.storyboardc/HAW-fB-p8Q-view-pv5-8p-hIk.nib
2018-10-29 19:56:29 +0000  copying file ./Base.lproj/Main.storyboardc/uDh-vD-uKF-view-blk-JG-yrS.nib ... 
2018-10-29 19:56:29 +0000  6363 bytes for ./Base.lproj/Main.storyboardc/uDh-vD-uKF-view-blk-JG-yrS.nib
2018-10-29 19:56:29 +0000  copying file ./Base.lproj/Main.storyboardc/affinityViewController.nib ... 
2018-10-29 19:56:29 +0000  2180 bytes for ./Base.lproj/Main.storyboardc/affinityViewController.nib
copying file ./Base.lproj/Main.storyboardc/x3m-YV-U7c-view-1hl-1W-6rS.nib ... 
2018-10-29 19:56:29 +0000  9968 bytes for ./Base.lproj/Main.storyboardc/x3m-YV-U7c-view-1hl-1W-6rS.nib
2018-10-29 19:56:29 +0000  copying file ./Base.lproj/Main.storyboardc/zUr-da-CH6-view-Mgt-DS-SeI.nib ... 
2018-10-29 19:56:29 +0000  8405 bytes for ./Base.lproj/Main.storyboardc/zUr-da-CH6-view-Mgt-DS-SeI.nib
2018-10-29 19:56:29 +0000  copying file ./Base.lproj/Main.storyboardc/ProfileViewController.nib ... 
2018-10-29 19:56:29 +0000  2083 bytes for ./Base.lproj/Main.storyboardc/ProfileViewController.nib
2018-10-29 19:56:29 +0000  copying file ./Base.lproj/Main.storyboardc/CheerViewController.nib ... 
2018-10-29 19:56:29 +0000  1313 bytes for ./Base.lproj/Main.storyboardc/CheerViewController.nib
copying file ./Base.lproj/Main.storyboardc/COo-W5-esK-view-DBs-kW-t24.nib ... 
2018-10-29 19:56:29 +0000  14646 bytes for ./Base.lproj/Main.storyboardc/COo-W5-esK-view-DBs-kW-t24.nib
2018-10-29 19:56:29 +0000  copying file ./Base.lproj/Main.storyboardc/navController.nib ... 
2018-10-29 19:56:29 +0000  3152 bytes for ./Base.lproj/Main.storyboardc/navController.nib
copying file ./Base.lproj/Main.storyboardc/UIViewController-SL2-bs-2Nj.nib ... 
2018-10-29 19:56:29 +0000  1355 bytes for ./Base.lproj/Main.storyboardc/UIViewController-SL2-bs-2Nj.nib
2018-10-29 19:56:29 +0000  copying file ./Base.lproj/Main.storyboardc/runViewController.nib ... 
2018-10-29 19:56:29 +0000  1313 bytes for ./Base.lproj/Main.storyboardc/runViewController.nib
copying file ./Base.lproj/Main.storyboardc/DashboardViewController.nib ... 
2018-10-29 19:56:29 +0000  1747 bytes for ./Base.lproj/Main.storyboardc/DashboardViewController.nib
2018-10-29 19:56:29 +0000  copying file ./Base.lproj/Main.storyboardc/UIViewController-x3m-YV-U7c.nib ... 
2018-10-29 19:56:29 +0000  1712 bytes for ./Base.lproj/Main.storyboardc/UIViewController-x3m-YV-U7c.nib
copying file ./Base.lproj/Main.storyboardc/Pm9-0g-7IT-view-UWT-8N-XTP.nib ... 
2018-10-29 19:56:29 +0000  8075 bytes for ./Base.lproj/Main.storyboardc/Pm9-0g-7IT-view-UWT-8N-XTP.nib
2018-10-29 19:56:29 +0000  copying file ./Base.lproj/Main.storyboardc/roleViewController.nib ... 
2018-10-29 19:56:29 +0000  2431 bytes for ./Base.lproj/Main.storyboardc/roleViewController.nib
copying file ./Base.lproj/Main.storyboardc/runInstructionViewController.nib ... 
2018-10-29 19:56:29 +0000  1421 bytes for ./Base.lproj/Main.storyboardc/runInstructionViewController.nib
2018-10-29 19:56:29 +0000  copying file ./Base.lproj/Main.storyboardc/Info.plist ... 
2018-10-29 19:56:29 +0000  819 bytes for ./Base.lproj/Main.storyboardc/Info.plist
copying file ./Base.lproj/Main.storyboardc/3xr-dc-zTt-view-eXg-WL-2uq.nib ... 
2018-10-29 19:56:29 +0000  7274 bytes for ./Base.lproj/Main.storyboardc/3xr-dc-zTt-view-eXg-WL-2uq.nib
2018-10-29 19:56:29 +0000  copying file ./Base.lproj/Main.storyboardc/Pwj-he-eYY-view-0QU-e6-HVJ.nib ... 
2018-10-29 19:56:29 +0000  8229 bytes for ./Base.lproj/Main.storyboardc/Pwj-he-eYY-view-0QU-e6-HVJ.nib
2018-10-29 19:56:29 +0000  copying file ./Base.lproj/Main.storyboardc/Ixl-Xt-fBa-view-gW7-rc-Kew.nib ... 
2018-10-29 19:56:29 +0000  5222 bytes for ./Base.lproj/Main.storyboardc/Ixl-Xt-fBa-view-gW7-rc-Kew.nib
2018-10-29 19:56:29 +0000  copying file ./Base.lproj/Main.storyboardc/SL2-bs-2Nj-view-Bu9-43-O8i.nib ... 
2018-10-29 19:56:29 +0000  5376 bytes for ./Base.lproj/Main.storyboardc/SL2-bs-2Nj-view-Bu9-43-O8i.nib
2018-10-29 19:56:29 +0000  copying file ./Base.lproj/Main.storyboardc/signUpViewController.nib ... 
2018-10-29 19:56:29 +0000  1229 bytes for ./Base.lproj/Main.storyboardc/signUpViewController.nib
2018-10-29 19:56:29 +0000  copying file ./megaphone.png ... 
2018-10-29 19:56:29 +0000  2646 bytes for ./megaphone.png
2018-10-29 19:56:29 +0000  copying file ./apple-icon-57x57.png ... 
2018-10-29 19:56:29 +0000  2402 bytes for ./apple-icon-57x57.png
2018-10-29 19:56:29 +0000  copying file ./heart.png ... 
2018-10-29 19:56:29 +0000  2511 bytes for ./heart.png
copying file ./apple-icon-152x152.png ... 
2018-10-29 19:56:29 +0000  9294 bytes for ./apple-icon-152x152.png
2018-10-29 19:56:29 +0000  copying file ./Assets.car ... 
2018-10-29 19:56:29 +0000  62376 bytes for ./Assets.car
2018-10-29 19:56:29 +0000  copying file ./apple-icon-180x180.png ... 
2018-10-29 19:56:29 +0000  12231 bytes for ./apple-icon-180x180.png
copying file ./profile.png ... 
2018-10-29 19:56:29 +0000  3095 bytes for ./profile.png
copying file ./location.png ... 
2018-10-29 19:56:29 +0000  3155 bytes for ./location.png
2018-10-29 19:56:29 +0000  copying file ./apple-icon-76x76.png ... 
2018-10-29 19:56:29 +0000  3565 bytes for ./apple-icon-76x76.png
2018-10-29 19:56:29 +0000  copying file ./clock.png ... 
2018-10-29 19:56:29 +0000  3924 bytes for ./clock.png
2018-10-29 19:56:29 +0000  copying file ./Ford.gpx ... 
2018-10-29 19:56:29 +0000  138 bytes for ./Ford.gpx
2018-10-29 19:56:29 +0000  copying file ./apple-icon-60x60.png ... 
2018-10-29 19:56:29 +0000  2564 bytes for ./apple-icon-60x60.png
copying file ./myrunner.png ... 
2018-10-29 19:56:29 +0000  983 bytes for ./myrunner.png
2018-10-29 19:56:29 +0000  copying file ./running.png ... 
2018-10-29 19:56:29 +0000  3425 bytes for ./running.png
2018-10-29 19:56:29 +0000  copying file ./Frameworks/libswiftMapKit.dylib ... 
2018-10-29 19:56:29 +0000  255040 bytes for ./Frameworks/libswiftMapKit.dylib
2018-10-29 19:56:29 +0000  copying file ./Frameworks/libswiftCoreImage.dylib ... 
2018-10-29 19:56:29 +0000  250704 bytes for ./Frameworks/libswiftCoreImage.dylib
2018-10-29 19:56:29 +0000  copying file ./Frameworks/libswiftObjectiveC.dylib ... 
2018-10-29 19:56:29 +0000  299248 bytes for ./Frameworks/libswiftObjectiveC.dylib
2018-10-29 19:56:29 +0000  copying file ./Frameworks/libswiftCore.dylib ... 
2018-10-29 19:56:29 +0000  16704784 bytes for ./Frameworks/libswiftCore.dylib
2018-10-29 19:56:29 +0000  copying file ./Frameworks/libswiftCoreGraphics.dylib ... 
651440 bytes for ./Frameworks/libswiftCoreGraphics.dylib
copying file ./Frameworks/Parse.framework/_CodeSignature/CodeResources ... 
2951 bytes for ./Frameworks/Parse.framework/_CodeSignature/CodeResources
copying file ./Frameworks/Parse.framework/Parse ... 
2018-10-29 19:56:29 +0000  17548784 bytes for ./Frameworks/Parse.framework/Parse
2018-10-29 19:56:29 +0000  copying file ./Frameworks/Parse.framework/Parse.bundle/en.lproj/Parse.strings ... 
122 bytes for ./Frameworks/Parse.framework/Parse.bundle/en.lproj/Parse.strings
copying file ./Frameworks/Parse.framework/Parse.bundle/Info.plist ... 
710 bytes for ./Frameworks/Parse.framework/Parse.bundle/Info.plist
copying file ./Frameworks/Parse.framework/Info.plist ... 
735 bytes for ./Frameworks/Parse.framework/Info.plist
copying file ./Frameworks/libswiftUIKit.dylib ... 
526736 bytes for ./Frameworks/libswiftUIKit.dylib
copying file ./Frameworks/libswiftMetal.dylib ... 
2018-10-29 19:56:29 +0000  295344 bytes for ./Frameworks/libswiftMetal.dylib
copying file ./Frameworks/libswiftDispatch.dylib ... 
2018-10-29 19:56:29 +0000  1058848 bytes for ./Frameworks/libswiftDispatch.dylib
2018-10-29 19:56:29 +0000  copying file ./Frameworks/libswiftos.dylib ... 
2018-10-29 19:56:29 +0000  299584 bytes for ./Frameworks/libswiftos.dylib
2018-10-29 19:56:29 +0000  copying file ./Frameworks/libswiftCoreFoundation.dylib ... 
2018-10-29 19:56:29 +0000  250400 bytes for ./Frameworks/libswiftCoreFoundation.dylib
copying file ./Frameworks/libswiftDarwin.dylib ... 
2018-10-29 19:56:29 +0000  402624 bytes for ./Frameworks/libswiftDarwin.dylib
copying file ./Frameworks/libswiftQuartzCore.dylib ... 
2018-10-29 19:56:29 +0000  254736 bytes for ./Frameworks/libswiftQuartzCore.dylib
2018-10-29 19:56:29 +0000  copying file ./Frameworks/Bolts.framework/_CodeSignature/CodeResources ... 
2018-10-29 19:56:29 +0000  2202 bytes for ./Frameworks/Bolts.framework/_CodeSignature/CodeResources
2018-10-29 19:56:29 +0000  copying file ./Frameworks/Bolts.framework/Bolts ... 
2018-10-29 19:56:29 +0000  864352 bytes for ./Frameworks/Bolts.framework/Bolts
2018-10-29 19:56:29 +0000  copying file ./Frameworks/Bolts.framework/Info.plist ... 
2018-10-29 19:56:29 +0000  734 bytes for ./Frameworks/Bolts.framework/Info.plist
copying file ./Frameworks/libswiftCoreAudio.dylib ... 
2018-10-29 19:56:29 +0000  348272 bytes for ./Frameworks/libswiftCoreAudio.dylib
2018-10-29 19:56:29 +0000  copying file ./Frameworks/libswiftAVFoundation.dylib ... 
2018-10-29 19:56:29 +0000  525504 bytes for ./Frameworks/libswiftAVFoundation.dylib
2018-10-29 19:56:29 +0000  copying file ./Frameworks/libswiftFoundation.dylib ... 
2018-10-29 19:56:29 +0000  8352064 bytes for ./Frameworks/libswiftFoundation.dylib
2018-10-29 19:56:29 +0000  copying file ./Frameworks/libswiftCoreMedia.dylib ... 
299568 bytes for ./Frameworks/libswiftCoreMedia.dylib
copying file ./Frameworks/libswiftCoreLocation.dylib ... 
298976 bytes for ./Frameworks/libswiftCoreLocation.dylib
copying file ./Frameworks/libswiftsimd.dylib ... 
1802256 bytes for ./Frameworks/libswiftsimd.dylib
copying file ./embedded.mobileprovision ... 
8304 bytes for ./embedded.mobileprovision
copying file ./success.wav ... 
2018-10-29 19:56:29 +0000  270524 bytes for ./success.wav
copying file ./CrowdCheer.momd/VersionInfo.plist ... 
2018-10-29 19:56:29 +0000  157 bytes for ./CrowdCheer.momd/VersionInfo.plist
2018-10-29 19:56:29 +0000  copying file ./CrowdCheer.momd/CrowdCheer.omo ... 
2018-10-29 19:56:29 +0000  696 bytes for ./CrowdCheer.momd/CrowdCheer.omo
copying file ./CrowdCheer.momd/CrowdCheer.mom ... 
2018-10-29 19:56:29 +0000  513 bytes for ./CrowdCheer.momd/CrowdCheer.mom
2018-10-29 19:56:29 +0000  copying file ./apple-icon-72x72.png ... 
2018-10-29 19:56:29 +0000  3377 bytes for ./apple-icon-72x72.png
2018-10-29 19:56:29 +0000  copying file ./Info.plist ... 
2018-10-29 19:56:29 +0000  1982 bytes for ./Info.plist
copying file ./apple-icon-120x120.png ... 
2018-10-29 19:56:29 +0000  6330 bytes for ./apple-icon-120x120.png
2018-10-29 19:56:29 +0000  copying file ./runner.png ... 
2018-10-29 19:56:29 +0000  1318 bytes for ./runner.png
2018-10-29 19:56:29 +0000  copying file ./PkgInfo ... 
2018-10-29 19:56:29 +0000  8 bytes for ./PkgInfo
2018-10-29 19:56:29 +0000 [MT] /usr/bin/ditto exited with 0
2018-10-29 19:56:29 +0000 [MT] Processing step: IDEDistributionEmbedProfileStep
2018-10-29 19:56:29 +0000 [MT] Skipping profile for item: <IDEDistributionItem: 0x7fe2bb289900 'org.cocoapods.Bolts' '<DVTFilePath:0x7fe2bb4d4440:'/Users/leesha/Dropbox/EECS/Delta Lab/CrowdCheer/CrowdCheer/build/CrowdCheer.xcarchive/Products/Applications/CrowdCheer.app/Frameworks/Bolts.framework'>'>
2018-10-29 19:56:29 +0000 [MT] Skipping profile for item: <IDEDistributionItem: 0x7fe2bb24df00 'org.cocoapods.Parse' '<DVTFilePath:0x7fe2bb4d12c0:'/Users/leesha/Dropbox/EECS/Delta Lab/CrowdCheer/CrowdCheer/build/CrowdCheer.xcarchive/Products/Applications/CrowdCheer.app/Frameworks/Parse.framework'>'>
2018-10-29 19:56:29 +0000 [MT] Skipping profile for item: <IDEDistributionItem: 0x7fe2bb293ea0 'com.apple.dt.runtime.swiftAVFoundation' '<DVTFilePath:0x7fe2bb265c90:'/Users/leesha/Dropbox/EECS/Delta Lab/CrowdCheer/CrowdCheer/build/CrowdCheer.xcarchive/Products/Applications/CrowdCheer.app/Frameworks/libswiftAVFoundation.dylib'>'>
2018-10-29 19:56:29 +0000 [MT] Skipping profile for item: <IDEDistributionItem: 0x7fe2b7050020 'com.apple.dt.runtime.swiftCore' '<DVTFilePath:0x7fe2bb4cbb20:'/Users/leesha/Dropbox/EECS/Delta Lab/CrowdCheer/CrowdCheer/build/CrowdCheer.xcarchive/Products/Applications/CrowdCheer.app/Frameworks/libswiftCore.dylib'>'>
2018-10-29 19:56:29 +0000 [MT] Skipping profile for item: <IDEDistributionItem: 0x7fe2bb2a7140 'com.apple.dt.runtime.swiftCoreAudio' '<DVTFilePath:0x7fe2bb24e160:'/Users/leesha/Dropbox/EECS/Delta Lab/CrowdCheer/CrowdCheer/build/CrowdCheer.xcarchive/Products/Applications/CrowdCheer.app/Frameworks/libswiftCoreAudio.dylib'>'>
2018-10-29 19:56:29 +0000 [MT] Skipping profile for item: <IDEDistributionItem: 0x7fe2bb4d80f0 'com.apple.dt.runtime.swiftCoreFoundation' '<DVTFilePath:0x7fe2b7706020:'/Users/leesha/Dropbox/EECS/Delta Lab/CrowdCheer/CrowdCheer/build/CrowdCheer.xcarchive/Products/Applications/CrowdCheer.app/Frameworks/libswiftCoreFoundation.dylib'>'>
2018-10-29 19:56:29 +0000 [MT] Skipping profile for item: <IDEDistributionItem: 0x7fe2bb297af0 'com.apple.dt.runtime.swiftCoreGraphics' '<DVTFilePath:0x7fe2bb4d0100:'/Users/leesha/Dropbox/EECS/Delta Lab/CrowdCheer/CrowdCheer/build/CrowdCheer.xcarchive/Products/Applications/CrowdCheer.app/Frameworks/libswiftCoreGraphics.dylib'>'>
2018-10-29 19:56:29 +0000 [MT] Skipping profile for item: <IDEDistributionItem: 0x7fe2bb2b1070 'com.apple.dt.runtime.swiftCoreImage' '<DVTFilePath:0x7fe2bb4ceb60:'/Users/leesha/Dropbox/EECS/Delta Lab/CrowdCheer/CrowdCheer/build/CrowdCheer.xcarchive/Products/Applications/CrowdCheer.app/Frameworks/libswiftCoreImage.dylib'>'>
2018-10-29 19:56:29 +0000 [MT] Skipping profile for item: <IDEDistributionItem: 0x7fe2b7052c70 'com.apple.dt.runtime.swiftCoreLocation' '<DVTFilePath:0x7fe2bb253230:'/Users/leesha/Dropbox/EECS/Delta Lab/CrowdCheer/CrowdCheer/build/CrowdCheer.xcarchive/Products/Applications/CrowdCheer.app/Frameworks/libswiftCoreLocation.dylib'>'>
2018-10-29 19:56:29 +0000 [MT] Skipping profile for item: <IDEDistributionItem: 0x7fe2bb28a2e0 'com.apple.dt.runtime.swiftCoreMedia' '<DVTFilePath:0x7fe2bb24f9f0:'/Users/leesha/Dropbox/EECS/Delta Lab/CrowdCheer/CrowdCheer/build/CrowdCheer.xcarchive/Products/Applications/CrowdCheer.app/Frameworks/libswiftCoreMedia.dylib'>'>
2018-10-29 19:56:29 +0000 [MT] Skipping profile for item: <IDEDistributionItem: 0x7fe2bb684260 'com.apple.dt.runtime.swiftDarwin' '<DVTFilePath:0x7fe2bb4d2030:'/Users/leesha/Dropbox/EECS/Delta Lab/CrowdCheer/CrowdCheer/build/CrowdCheer.xcarchive/Products/Applications/CrowdCheer.app/Frameworks/libswiftDarwin.dylib'>'>
2018-10-29 19:56:29 +0000 [MT] Skipping profile for item: <IDEDistributionItem: 0x7fe2bb2a3160 'com.apple.dt.runtime.swiftDispatch' '<DVTFilePath:0x7fe2bb5c9e40:'/Users/leesha/Dropbox/EECS/Delta Lab/CrowdCheer/CrowdCheer/build/CrowdCheer.xcarchive/Products/Applications/CrowdCheer.app/Frameworks/libswiftDispatch.dylib'>'>
2018-10-29 19:56:29 +0000 [MT] Skipping profile for item: <IDEDistributionItem: 0x7fe2bb67c080 'com.apple.dt.runtime.swiftFoundation' '<DVTFilePath:0x7fe2bb24a620:'/Users/leesha/Dropbox/EECS/Delta Lab/CrowdCheer/CrowdCheer/build/CrowdCheer.xcarchive/Products/Applications/CrowdCheer.app/Frameworks/libswiftFoundation.dylib'>'>
2018-10-29 19:56:29 +0000 [MT] Skipping profile for item: <IDEDistributionItem: 0x7fe2bb2a1d10 'com.apple.dt.runtime.swiftMapKit' '<DVTFilePath:0x7fe2bb4cfe50:'/Users/leesha/Dropbox/EECS/Delta Lab/CrowdCheer/CrowdCheer/build/CrowdCheer.xcarchive/Products/Applications/CrowdCheer.app/Frameworks/libswiftMapKit.dylib'>'>
2018-10-29 19:56:29 +0000 [MT] Skipping profile for item: <IDEDistributionItem: 0x7fe2bb685fc0 'com.apple.dt.runtime.swiftMetal' '<DVTFilePath:0x7fe2b7601c00:'/Users/leesha/Dropbox/EECS/Delta Lab/CrowdCheer/CrowdCheer/build/CrowdCheer.xcarchive/Products/Applications/CrowdCheer.app/Frameworks/libswiftMetal.dylib'>'>
2018-10-29 19:56:29 +0000 [MT] Skipping profile for item: <IDEDistributionItem: 0x7fe2bb4eafa0 'com.apple.dt.runtime.swiftObjectiveC' '<DVTFilePath:0x7fe2bb4cdaf0:'/Users/leesha/Dropbox/EECS/Delta Lab/CrowdCheer/CrowdCheer/build/CrowdCheer.xcarchive/Products/Applications/CrowdCheer.app/Frameworks/libswiftObjectiveC.dylib'>'>
2018-10-29 19:56:29 +0000 [MT] Skipping profile for item: <IDEDistributionItem: 0x7fe2bb28df00 'com.apple.dt.runtime.swiftQuartzCore' '<DVTFilePath:0x7fe2bb4d3250:'/Users/leesha/Dropbox/EECS/Delta Lab/CrowdCheer/CrowdCheer/build/CrowdCheer.xcarchive/Products/Applications/CrowdCheer.app/Frameworks/libswiftQuartzCore.dylib'>'>
2018-10-29 19:56:29 +0000 [MT] Skipping profile for item: <IDEDistributionItem: 0x7fe2bb2a9700 'com.apple.dt.runtime.swiftUIKit' '<DVTFilePath:0x7fe2bb5c8cf0:'/Users/leesha/Dropbox/EECS/Delta Lab/CrowdCheer/CrowdCheer/build/CrowdCheer.xcarchive/Products/Applications/CrowdCheer.app/Frameworks/libswiftUIKit.dylib'>'>
2018-10-29 19:56:29 +0000 [MT] Skipping profile for item: <IDEDistributionItem: 0x7fe2bb29c6c0 'com.apple.dt.runtime.swiftos' '<DVTFilePath:0x7fe2b76079b0:'/Users/leesha/Dropbox/EECS/Delta Lab/CrowdCheer/CrowdCheer/build/CrowdCheer.xcarchive/Products/Applications/CrowdCheer.app/Frameworks/libswiftos.dylib'>'>
2018-10-29 19:56:29 +0000 [MT] Skipping profile for item: <IDEDistributionItem: 0x7fe2bb4e7c60 'com.apple.dt.runtime.swiftsimd' '<DVTFilePath:0x7fe2bb247f70:'/Users/leesha/Dropbox/EECS/Delta Lab/CrowdCheer/CrowdCheer/build/CrowdCheer.xcarchive/Products/Applications/CrowdCheer.app/Frameworks/libswiftsimd.dylib'>'>
2018-10-29 19:56:29 +0000 [MT] Processing step: IDEDistributionAppThinningPlistStep
2018-10-29 19:56:29 +0000 [MT] Skipping step: IDEDistributionAppThinningPlistStep because it said so
2018-10-29 19:56:29 +0000 [MT] Processing step: IDEDistributionCompileBitcodeStep
2018-10-29 19:56:29 +0000 [MT] Skipping step: IDEDistributionCompileBitcodeStep because it said so
2018-10-29 19:56:29 +0000 [MT] Processing step: IDEDistributionCodeSlimmingStep
2018-10-29 19:56:29 +0000 [MT] Processing step: IDEDistributionCopyBCSymbolMapsStep
2018-10-29 19:56:29 +0000 [MT] Skipping step: IDEDistributionCopyBCSymbolMapsStep because it said so
2018-10-29 19:56:29 +0000 [MT] Skipping step: IDEDistributionCopyBCSymbolMapsStep because it said so
2018-10-29 19:56:29 +0000 [MT] Skipping step: IDEDistributionCopyBCSymbolMapsStep because it said so
2018-10-29 19:56:29 +0000 [MT] Skipping step: IDEDistributionCopyBCSymbolMapsStep because it said so
2018-10-29 19:56:29 +0000 [MT] Skipping step: IDEDistributionCopyBCSymbolMapsStep because it said so
2018-10-29 19:56:29 +0000 [MT] Skipping step: IDEDistributionCopyBCSymbolMapsStep because it said so
2018-10-29 19:56:29 +0000 [MT] Skipping step: IDEDistributionCopyBCSymbolMapsStep because it said so
2018-10-29 19:56:29 +0000 [MT] Skipping step: IDEDistributionCopyBCSymbolMapsStep because it said so
2018-10-29 19:56:29 +0000 [MT] Skipping step: IDEDistributionCopyBCSymbolMapsStep because it said so
2018-10-29 19:56:29 +0000 [MT] Skipping step: IDEDistributionCopyBCSymbolMapsStep because it said so
2018-10-29 19:56:29 +0000 [MT] Skipping step: IDEDistributionCopyBCSymbolMapsStep because it said so
2018-10-29 19:56:29 +0000 [MT] Skipping step: IDEDistributionCopyBCSymbolMapsStep because it said so
2018-10-29 19:56:29 +0000 [MT] Skipping step: IDEDistributionCopyBCSymbolMapsStep because it said so
2018-10-29 19:56:29 +0000 [MT] Skipping step: IDEDistributionCopyBCSymbolMapsStep because it said so
2018-10-29 19:56:29 +0000 [MT] Skipping step: IDEDistributionCopyBCSymbolMapsStep because it said so
2018-10-29 19:56:29 +0000 [MT] Skipping step: IDEDistributionCopyBCSymbolMapsStep because it said so
2018-10-29 19:56:29 +0000 [MT] Skipping step: IDEDistributionCopyBCSymbolMapsStep because it said so
2018-10-29 19:56:29 +0000 [MT] Skipping step: IDEDistributionCopyBCSymbolMapsStep because it said so
2018-10-29 19:56:29 +0000 [MT] Skipping step: IDEDistributionCopyBCSymbolMapsStep because it said so
2018-10-29 19:56:29 +0000 [MT] Skipping step: IDEDistributionCopyBCSymbolMapsStep because it said so
2018-10-29 19:56:29 +0000 [MT] Skipping step: IDEDistributionCopyBCSymbolMapsStep because it said so
2018-10-29 19:56:29 +0000 [MT] Processing step: IDEDistributionSymbolsStep
2018-10-29 19:56:29 +0000 [MT] Skipping step: IDEDistributionSymbolsStep because it said so
2018-10-29 19:56:29 +0000 [MT] Skipping step: IDEDistributionSymbolsStep because it said so
2018-10-29 19:56:29 +0000 [MT] Skipping step: IDEDistributionSymbolsStep because it said so
2018-10-29 19:56:29 +0000 [MT] Skipping step: IDEDistributionSymbolsStep because it said so
2018-10-29 19:56:29 +0000 [MT] Skipping step: IDEDistributionSymbolsStep because it said so
2018-10-29 19:56:29 +0000 [MT] Skipping step: IDEDistributionSymbolsStep because it said so
2018-10-29 19:56:29 +0000 [MT] Skipping step: IDEDistributionSymbolsStep because it said so
2018-10-29 19:56:29 +0000 [MT] Skipping step: IDEDistributionSymbolsStep because it said so
2018-10-29 19:56:29 +0000 [MT] Skipping step: IDEDistributionSymbolsStep because it said so
2018-10-29 19:56:29 +0000 [MT] Skipping step: IDEDistributionSymbolsStep because it said so
2018-10-29 19:56:29 +0000 [MT] Skipping step: IDEDistributionSymbolsStep because it said so
2018-10-29 19:56:29 +0000 [MT] Skipping step: IDEDistributionSymbolsStep because it said so
2018-10-29 19:56:29 +0000 [MT] Skipping step: IDEDistributionSymbolsStep because it said so
2018-10-29 19:56:29 +0000 [MT] Skipping step: IDEDistributionSymbolsStep because it said so
2018-10-29 19:56:29 +0000 [MT] Skipping step: IDEDistributionSymbolsStep because it said so
2018-10-29 19:56:29 +0000 [MT] Skipping step: IDEDistributionSymbolsStep because it said so
2018-10-29 19:56:29 +0000 [MT] Skipping step: IDEDistributionSymbolsStep because it said so
2018-10-29 19:56:29 +0000 [MT] Skipping step: IDEDistributionSymbolsStep because it said so
2018-10-29 19:56:29 +0000 [MT] Skipping step: IDEDistributionSymbolsStep because it said so
2018-10-29 19:56:29 +0000 [MT] Skipping step: IDEDistributionSymbolsStep because it said so
2018-10-29 19:56:29 +0000 [MT] Skipping step: IDEDistributionSymbolsStep because it said so
2018-10-29 19:56:29 +0000 [MT] Processing step: IDEDistributionAppThinningStep
2018-10-29 19:56:29 +0000 [MT] Skipping step: IDEDistributionAppThinningStep because it said so
2018-10-29 19:56:29 +0000 [MT] Processing step: IDEDistributionODRStep
2018-10-29 19:56:29 +0000 [MT] Processing step: IDEDistributionStripXattrsStep
2018-10-29 19:56:29 +0000 [MT] Skipping stripping extended attributes of item: <IDEDistributionItem: 0x7fe2bb289900 'org.cocoapods.Bolts' '<DVTFilePath:0x7fe2bb4d4440:'/Users/leesha/Dropbox/EECS/Delta Lab/CrowdCheer/CrowdCheer/build/CrowdCheer.xcarchive/Products/Applications/CrowdCheer.app/Frameworks/Bolts.framework'>'>
2018-10-29 19:56:29 +0000 [MT] Skipping stripping extended attributes of item: <IDEDistributionItem: 0x7fe2bb24df00 'org.cocoapods.Parse' '<DVTFilePath:0x7fe2bb4d12c0:'/Users/leesha/Dropbox/EECS/Delta Lab/CrowdCheer/CrowdCheer/build/CrowdCheer.xcarchive/Products/Applications/CrowdCheer.app/Frameworks/Parse.framework'>'>
2018-10-29 19:56:29 +0000 [MT] Skipping stripping extended attributes of item: <IDEDistributionItem: 0x7fe2bb293ea0 'com.apple.dt.runtime.swiftAVFoundation' '<DVTFilePath:0x7fe2bb265c90:'/Users/leesha/Dropbox/EECS/Delta Lab/CrowdCheer/CrowdCheer/build/CrowdCheer.xcarchive/Products/Applications/CrowdCheer.app/Frameworks/libswiftAVFoundation.dylib'>'>
2018-10-29 19:56:29 +0000 [MT] Skipping stripping extended attributes of item: <IDEDistributionItem: 0x7fe2b7050020 'com.apple.dt.runtime.swiftCore' '<DVTFilePath:0x7fe2bb4cbb20:'/Users/leesha/Dropbox/EECS/Delta Lab/CrowdCheer/CrowdCheer/build/CrowdCheer.xcarchive/Products/Applications/CrowdCheer.app/Frameworks/libswiftCore.dylib'>'>
2018-10-29 19:56:29 +0000 [MT] Skipping stripping extended attributes of item: <IDEDistributionItem: 0x7fe2bb2a7140 'com.apple.dt.runtime.swiftCoreAudio' '<DVTFilePath:0x7fe2bb24e160:'/Users/leesha/Dropbox/EECS/Delta Lab/CrowdCheer/CrowdCheer/build/CrowdCheer.xcarchive/Products/Applications/CrowdCheer.app/Frameworks/libswiftCoreAudio.dylib'>'>
2018-10-29 19:56:29 +0000 [MT] Skipping stripping extended attributes of item: <IDEDistributionItem: 0x7fe2bb4d80f0 'com.apple.dt.runtime.swiftCoreFoundation' '<DVTFilePath:0x7fe2b7706020:'/Users/leesha/Dropbox/EECS/Delta Lab/CrowdCheer/CrowdCheer/build/CrowdCheer.xcarchive/Products/Applications/CrowdCheer.app/Frameworks/libswiftCoreFoundation.dylib'>'>
2018-10-29 19:56:29 +0000 [MT] Skipping stripping extended attributes of item: <IDEDistributionItem: 0x7fe2bb297af0 'com.apple.dt.runtime.swiftCoreGraphics' '<DVTFilePath:0x7fe2bb4d0100:'/Users/leesha/Dropbox/EECS/Delta Lab/CrowdCheer/CrowdCheer/build/CrowdCheer.xcarchive/Products/Applications/CrowdCheer.app/Frameworks/libswiftCoreGraphics.dylib'>'>
2018-10-29 19:56:29 +0000 [MT] Skipping stripping extended attributes of item: <IDEDistributionItem: 0x7fe2bb2b1070 'com.apple.dt.runtime.swiftCoreImage' '<DVTFilePath:0x7fe2bb4ceb60:'/Users/leesha/Dropbox/EECS/Delta Lab/CrowdCheer/CrowdCheer/build/CrowdCheer.xcarchive/Products/Applications/CrowdCheer.app/Frameworks/libswiftCoreImage.dylib'>'>
2018-10-29 19:56:29 +0000 [MT] Skipping stripping extended attributes of item: <IDEDistributionItem: 0x7fe2b7052c70 'com.apple.dt.runtime.swiftCoreLocation' '<DVTFilePath:0x7fe2bb253230:'/Users/leesha/Dropbox/EECS/Delta Lab/CrowdCheer/CrowdCheer/build/CrowdCheer.xcarchive/Products/Applications/CrowdCheer.app/Frameworks/libswiftCoreLocation.dylib'>'>
2018-10-29 19:56:29 +0000 [MT] Skipping stripping extended attributes of item: <IDEDistributionItem: 0x7fe2bb28a2e0 'com.apple.dt.runtime.swiftCoreMedia' '<DVTFilePath:0x7fe2bb24f9f0:'/Users/leesha/Dropbox/EECS/Delta Lab/CrowdCheer/CrowdCheer/build/CrowdCheer.xcarchive/Products/Applications/CrowdCheer.app/Frameworks/libswiftCoreMedia.dylib'>'>
2018-10-29 19:56:29 +0000 [MT] Skipping stripping extended attributes of item: <IDEDistributionItem: 0x7fe2bb684260 'com.apple.dt.runtime.swiftDarwin' '<DVTFilePath:0x7fe2bb4d2030:'/Users/leesha/Dropbox/EECS/Delta Lab/CrowdCheer/CrowdCheer/build/CrowdCheer.xcarchive/Products/Applications/CrowdCheer.app/Frameworks/libswiftDarwin.dylib'>'>
2018-10-29 19:56:29 +0000 [MT] Skipping stripping extended attributes of item: <IDEDistributionItem: 0x7fe2bb2a3160 'com.apple.dt.runtime.swiftDispatch' '<DVTFilePath:0x7fe2bb5c9e40:'/Users/leesha/Dropbox/EECS/Delta Lab/CrowdCheer/CrowdCheer/build/CrowdCheer.xcarchive/Products/Applications/CrowdCheer.app/Frameworks/libswiftDispatch.dylib'>'>
2018-10-29 19:56:29 +0000 [MT] Skipping stripping extended attributes of item: <IDEDistributionItem: 0x7fe2bb67c080 'com.apple.dt.runtime.swiftFoundation' '<DVTFilePath:0x7fe2bb24a620:'/Users/leesha/Dropbox/EECS/Delta Lab/CrowdCheer/CrowdCheer/build/CrowdCheer.xcarchive/Products/Applications/CrowdCheer.app/Frameworks/libswiftFoundation.dylib'>'>
2018-10-29 19:56:29 +0000 [MT] Skipping stripping extended attributes of item: <IDEDistributionItem: 0x7fe2bb2a1d10 'com.apple.dt.runtime.swiftMapKit' '<DVTFilePath:0x7fe2bb4cfe50:'/Users/leesha/Dropbox/EECS/Delta Lab/CrowdCheer/CrowdCheer/build/CrowdCheer.xcarchive/Products/Applications/CrowdCheer.app/Frameworks/libswiftMapKit.dylib'>'>
2018-10-29 19:56:29 +0000 [MT] Skipping stripping extended attributes of item: <IDEDistributionItem: 0x7fe2bb685fc0 'com.apple.dt.runtime.swiftMetal' '<DVTFilePath:0x7fe2b7601c00:'/Users/leesha/Dropbox/EECS/Delta Lab/CrowdCheer/CrowdCheer/build/CrowdCheer.xcarchive/Products/Applications/CrowdCheer.app/Frameworks/libswiftMetal.dylib'>'>
2018-10-29 19:56:29 +0000 [MT] Skipping stripping extended attributes of item: <IDEDistributionItem: 0x7fe2bb4eafa0 'com.apple.dt.runtime.swiftObjectiveC' '<DVTFilePath:0x7fe2bb4cdaf0:'/Users/leesha/Dropbox/EECS/Delta Lab/CrowdCheer/CrowdCheer/build/CrowdCheer.xcarchive/Products/Applications/CrowdCheer.app/Frameworks/libswiftObjectiveC.dylib'>'>
2018-10-29 19:56:29 +0000 [MT] Skipping stripping extended attributes of item: <IDEDistributionItem: 0x7fe2bb28df00 'com.apple.dt.runtime.swiftQuartzCore' '<DVTFilePath:0x7fe2bb4d3250:'/Users/leesha/Dropbox/EECS/Delta Lab/CrowdCheer/CrowdCheer/build/CrowdCheer.xcarchive/Products/Applications/CrowdCheer.app/Frameworks/libswiftQuartzCore.dylib'>'>
2018-10-29 19:56:29 +0000 [MT] Skipping stripping extended attributes of item: <IDEDistributionItem: 0x7fe2bb2a9700 'com.apple.dt.runtime.swiftUIKit' '<DVTFilePath:0x7fe2bb5c8cf0:'/Users/leesha/Dropbox/EECS/Delta Lab/CrowdCheer/CrowdCheer/build/CrowdCheer.xcarchive/Products/Applications/CrowdCheer.app/Frameworks/libswiftUIKit.dylib'>'>
2018-10-29 19:56:29 +0000 [MT] Skipping stripping extended attributes of item: <IDEDistributionItem: 0x7fe2bb29c6c0 'com.apple.dt.runtime.swiftos' '<DVTFilePath:0x7fe2b76079b0:'/Users/leesha/Dropbox/EECS/Delta Lab/CrowdCheer/CrowdCheer/build/CrowdCheer.xcarchive/Products/Applications/CrowdCheer.app/Frameworks/libswiftos.dylib'>'>
2018-10-29 19:56:29 +0000 [MT] Skipping stripping extended attributes of item: <IDEDistributionItem: 0x7fe2bb4e7c60 'com.apple.dt.runtime.swiftsimd' '<DVTFilePath:0x7fe2bb247f70:'/Users/leesha/Dropbox/EECS/Delta Lab/CrowdCheer/CrowdCheer/build/CrowdCheer.xcarchive/Products/Applications/CrowdCheer.app/Frameworks/libswiftsimd.dylib'>'>
2018-10-29 19:56:29 +0000 [MT] Running /usr/bin/xattr '-crs' '/var/folders/8l/80ycd7n15lb47bn2f9dmz6tr0000gn/T/XcodeDistPipeline.p2w/Root/Payload/CrowdCheer.app'
2018-10-29 19:56:29 +0000 [MT] /usr/bin/xattr exited with 0
2018-10-29 19:56:29 +0000 [MT] Processing step: IDEDistributionCodesignStep
2018-10-29 19:56:29 +0000 [MT] Entitlements for <IDEDistributionItem: 0x7fe2bb289900 'org.cocoapods.Bolts' '<DVTFilePath:0x7fe2bb4d4440:'/Users/leesha/Dropbox/EECS/Delta Lab/CrowdCheer/CrowdCheer/build/CrowdCheer.xcarchive/Products/Applications/CrowdCheer.app/Frameworks/Bolts.framework'>'>: {
}
2018-10-29 19:56:29 +0000 [MT] Writing entitlements for <IDEDistributionItem: 0x7fe2bb289900 'org.cocoapods.Bolts' '<DVTFilePath:0x7fe2bb4d4440:'/Users/leesha/Dropbox/EECS/Delta Lab/CrowdCheer/CrowdCheer/build/CrowdCheer.xcarchive/Products/Applications/CrowdCheer.app/Frameworks/Bolts.framework'>'> to: /var/folders/8l/80ycd7n15lb47bn2f9dmz6tr0000gn/T/XcodeDistPipeline.p2w/entitlementsNIeriZ
2018-10-29 19:56:29 +0000 [MT] Running /usr/bin/codesign '-vvv' '--force' '--sign' 'D0AF524183625F06F0B8238136E6044EE4A109EE' '--entitlements' '/var/folders/8l/80ycd7n15lb47bn2f9dmz6tr0000gn/T/XcodeDistPipeline.p2w/entitlementsNIeriZ' '--preserve-metadata=identifier,flags,runtime' '/var/folders/8l/80ycd7n15lb47bn2f9dmz6tr0000gn/T/XcodeDistPipeline.p2w/Root/Payload/CrowdCheer.app/Frameworks/Bolts.framework'
2018-10-29 19:56:30 +0000  /var/folders/8l/80ycd7n15lb47bn2f9dmz6tr0000gn/T/XcodeDistPipeline.p2w/Root/Payload/CrowdCheer.app/Frameworks/Bolts.framework: signed bundle with Mach-O universal (armv7 arm64) [org.cocoapods.Bolts]
2018-10-29 19:56:30 +0000 [MT] /usr/bin/codesign exited with 0
2018-10-29 19:56:30 +0000 [MT] Entitlements for <IDEDistributionItem: 0x7fe2bb24df00 'org.cocoapods.Parse' '<DVTFilePath:0x7fe2bb4d12c0:'/Users/leesha/Dropbox/EECS/Delta Lab/CrowdCheer/CrowdCheer/build/CrowdCheer.xcarchive/Products/Applications/CrowdCheer.app/Frameworks/Parse.framework'>'>: {
}
2018-10-29 19:56:30 +0000 [MT] Writing entitlements for <IDEDistributionItem: 0x7fe2bb24df00 'org.cocoapods.Parse' '<DVTFilePath:0x7fe2bb4d12c0:'/Users/leesha/Dropbox/EECS/Delta Lab/CrowdCheer/CrowdCheer/build/CrowdCheer.xcarchive/Products/Applications/CrowdCheer.app/Frameworks/Parse.framework'>'> to: /var/folders/8l/80ycd7n15lb47bn2f9dmz6tr0000gn/T/XcodeDistPipeline.p2w/entitlementsbo2We4
2018-10-29 19:56:30 +0000 [MT] Running /usr/bin/codesign '-vvv' '--force' '--sign' 'D0AF524183625F06F0B8238136E6044EE4A109EE' '--entitlements' '/var/folders/8l/80ycd7n15lb47bn2f9dmz6tr0000gn/T/XcodeDistPipeline.p2w/entitlementsbo2We4' '--preserve-metadata=identifier,flags,runtime' '/var/folders/8l/80ycd7n15lb47bn2f9dmz6tr0000gn/T/XcodeDistPipeline.p2w/Root/Payload/CrowdCheer.app/Frameworks/Parse.framework'
2018-10-29 19:56:30 +0000  /var/folders/8l/80ycd7n15lb47bn2f9dmz6tr0000gn/T/XcodeDistPipeline.p2w/Root/Payload/CrowdCheer.app/Frameworks/Parse.framework: signed bundle with Mach-O universal (armv7 arm64) [org.cocoapods.Parse]
2018-10-29 19:56:30 +0000 [MT] /usr/bin/codesign exited with 0
2018-10-29 19:56:30 +0000 [MT] Entitlements for <IDEDistributionItem: 0x7fe2bb293ea0 'com.apple.dt.runtime.swiftAVFoundation' '<DVTFilePath:0x7fe2bb265c90:'/Users/leesha/Dropbox/EECS/Delta Lab/CrowdCheer/CrowdCheer/build/CrowdCheer.xcarchive/Products/Applications/CrowdCheer.app/Frameworks/libswiftAVFoundation.dylib'>'>: {
}
2018-10-29 19:56:30 +0000 [MT] Writing entitlements for <IDEDistributionItem: 0x7fe2bb293ea0 'com.apple.dt.runtime.swiftAVFoundation' '<DVTFilePath:0x7fe2bb265c90:'/Users/leesha/Dropbox/EECS/Delta Lab/CrowdCheer/CrowdCheer/build/CrowdCheer.xcarchive/Products/Applications/CrowdCheer.app/Frameworks/libswiftAVFoundation.dylib'>'> to: /var/folders/8l/80ycd7n15lb47bn2f9dmz6tr0000gn/T/XcodeDistPipeline.p2w/entitlementsaPEpeJ
2018-10-29 19:56:30 +0000 [MT] Running /usr/bin/codesign '-vvv' '--force' '--sign' 'D0AF524183625F06F0B8238136E6044EE4A109EE' '--entitlements' '/var/folders/8l/80ycd7n15lb47bn2f9dmz6tr0000gn/T/XcodeDistPipeline.p2w/entitlementsaPEpeJ' '--preserve-metadata=identifier,flags,runtime' '/var/folders/8l/80ycd7n15lb47bn2f9dmz6tr0000gn/T/XcodeDistPipeline.p2w/Root/Payload/CrowdCheer.app/Frameworks/libswiftAVFoundation.dylib'
2018-10-29 19:56:30 +0000  /var/folders/8l/80ycd7n15lb47bn2f9dmz6tr0000gn/T/XcodeDistPipeline.p2w/Root/Payload/CrowdCheer.app/Frameworks/libswiftAVFoundation.dylib: replacing existing signature
2018-10-29 19:56:30 +0000  /var/folders/8l/80ycd7n15lb47bn2f9dmz6tr0000gn/T/XcodeDistPipeline.p2w/Root/Payload/CrowdCheer.app/Frameworks/libswiftAVFoundation.dylib: signed Mach-O universal (armv7 armv7s arm64) [com.apple.dt.runtime.swiftAVFoundation]
2018-10-29 19:56:30 +0000 [MT] /usr/bin/codesign exited with 0
2018-10-29 19:56:30 +0000 [MT] Entitlements for <IDEDistributionItem: 0x7fe2b7050020 'com.apple.dt.runtime.swiftCore' '<DVTFilePath:0x7fe2bb4cbb20:'/Users/leesha/Dropbox/EECS/Delta Lab/CrowdCheer/CrowdCheer/build/CrowdCheer.xcarchive/Products/Applications/CrowdCheer.app/Frameworks/libswiftCore.dylib'>'>: {
}
2018-10-29 19:56:30 +0000 [MT] Writing entitlements for <IDEDistributionItem: 0x7fe2b7050020 'com.apple.dt.runtime.swiftCore' '<DVTFilePath:0x7fe2bb4cbb20:'/Users/leesha/Dropbox/EECS/Delta Lab/CrowdCheer/CrowdCheer/build/CrowdCheer.xcarchive/Products/Applications/CrowdCheer.app/Frameworks/libswiftCore.dylib'>'> to: /var/folders/8l/80ycd7n15lb47bn2f9dmz6tr0000gn/T/XcodeDistPipeline.p2w/entitlementslMLajp
2018-10-29 19:56:30 +0000 [MT] Running /usr/bin/codesign '-vvv' '--force' '--sign' 'D0AF524183625F06F0B8238136E6044EE4A109EE' '--entitlements' '/var/folders/8l/80ycd7n15lb47bn2f9dmz6tr0000gn/T/XcodeDistPipeline.p2w/entitlementslMLajp' '--preserve-metadata=identifier,flags,runtime' '/var/folders/8l/80ycd7n15lb47bn2f9dmz6tr0000gn/T/XcodeDistPipeline.p2w/Root/Payload/CrowdCheer.app/Frameworks/libswiftCore.dylib'
2018-10-29 19:56:30 +0000  /var/folders/8l/80ycd7n15lb47bn2f9dmz6tr0000gn/T/XcodeDistPipeline.p2w/Root/Payload/CrowdCheer.app/Frameworks/libswiftCore.dylib: replacing existing signature
2018-10-29 19:56:30 +0000  /var/folders/8l/80ycd7n15lb47bn2f9dmz6tr0000gn/T/XcodeDistPipeline.p2w/Root/Payload/CrowdCheer.app/Frameworks/libswiftCore.dylib: signed Mach-O universal (armv7 armv7s arm64) [com.apple.dt.runtime.swiftCore]
2018-10-29 19:56:30 +0000 [MT] /usr/bin/codesign exited with 0
2018-10-29 19:56:30 +0000 [MT] Entitlements for <IDEDistributionItem: 0x7fe2bb2a7140 'com.apple.dt.runtime.swiftCoreAudio' '<DVTFilePath:0x7fe2bb24e160:'/Users/leesha/Dropbox/EECS/Delta Lab/CrowdCheer/CrowdCheer/build/CrowdCheer.xcarchive/Products/Applications/CrowdCheer.app/Frameworks/libswiftCoreAudio.dylib'>'>: {
}
2018-10-29 19:56:30 +0000 [MT] Writing entitlements for <IDEDistributionItem: 0x7fe2bb2a7140 'com.apple.dt.runtime.swiftCoreAudio' '<DVTFilePath:0x7fe2bb24e160:'/Users/leesha/Dropbox/EECS/Delta Lab/CrowdCheer/CrowdCheer/build/CrowdCheer.xcarchive/Products/Applications/CrowdCheer.app/Frameworks/libswiftCoreAudio.dylib'>'> to: /var/folders/8l/80ycd7n15lb47bn2f9dmz6tr0000gn/T/XcodeDistPipeline.p2w/entitlementsSTa7Al
2018-10-29 19:56:30 +0000 [MT] Running /usr/bin/codesign '-vvv' '--force' '--sign' 'D0AF524183625F06F0B8238136E6044EE4A109EE' '--entitlements' '/var/folders/8l/80ycd7n15lb47bn2f9dmz6tr0000gn/T/XcodeDistPipeline.p2w/entitlementsSTa7Al' '--preserve-metadata=identifier,flags,runtime' '/var/folders/8l/80ycd7n15lb47bn2f9dmz6tr0000gn/T/XcodeDistPipeline.p2w/Root/Payload/CrowdCheer.app/Frameworks/libswiftCoreAudio.dylib'
2018-10-29 19:56:30 +0000  /var/folders/8l/80ycd7n15lb47bn2f9dmz6tr0000gn/T/XcodeDistPipeline.p2w/Root/Payload/CrowdCheer.app/Frameworks/libswiftCoreAudio.dylib: replacing existing signature
2018-10-29 19:56:30 +0000  /var/folders/8l/80ycd7n15lb47bn2f9dmz6tr0000gn/T/XcodeDistPipeline.p2w/Root/Payload/CrowdCheer.app/Frameworks/libswiftCoreAudio.dylib: signed Mach-O universal (armv7 armv7s arm64) [com.apple.dt.runtime.swiftCoreAudio]
2018-10-29 19:56:30 +0000 [MT] /usr/bin/codesign exited with 0
2018-10-29 19:56:30 +0000 [MT] Entitlements for <IDEDistributionItem: 0x7fe2bb4d80f0 'com.apple.dt.runtime.swiftCoreFoundation' '<DVTFilePath:0x7fe2b7706020:'/Users/leesha/Dropbox/EECS/Delta Lab/CrowdCheer/CrowdCheer/build/CrowdCheer.xcarchive/Products/Applications/CrowdCheer.app/Frameworks/libswiftCoreFoundation.dylib'>'>: {
}
2018-10-29 19:56:30 +0000 [MT] Writing entitlements for <IDEDistributionItem: 0x7fe2bb4d80f0 'com.apple.dt.runtime.swiftCoreFoundation' '<DVTFilePath:0x7fe2b7706020:'/Users/leesha/Dropbox/EECS/Delta Lab/CrowdCheer/CrowdCheer/build/CrowdCheer.xcarchive/Products/Applications/CrowdCheer.app/Frameworks/libswiftCoreFoundation.dylib'>'> to: /var/folders/8l/80ycd7n15lb47bn2f9dmz6tr0000gn/T/XcodeDistPipeline.p2w/entitlementsTlejHQ
2018-10-29 19:56:30 +0000 [MT] Running /usr/bin/codesign '-vvv' '--force' '--sign' 'D0AF524183625F06F0B8238136E6044EE4A109EE' '--entitlements' '/var/folders/8l/80ycd7n15lb47bn2f9dmz6tr0000gn/T/XcodeDistPipeline.p2w/entitlementsTlejHQ' '--preserve-metadata=identifier,flags,runtime' '/var/folders/8l/80ycd7n15lb47bn2f9dmz6tr0000gn/T/XcodeDistPipeline.p2w/Root/Payload/CrowdCheer.app/Frameworks/libswiftCoreFoundation.dylib'
2018-10-29 19:56:30 +0000  /var/folders/8l/80ycd7n15lb47bn2f9dmz6tr0000gn/T/XcodeDistPipeline.p2w/Root/Payload/CrowdCheer.app/Frameworks/libswiftCoreFoundation.dylib: replacing existing signature
2018-10-29 19:56:30 +0000  /var/folders/8l/80ycd7n15lb47bn2f9dmz6tr0000gn/T/XcodeDistPipeline.p2w/Root/Payload/CrowdCheer.app/Frameworks/libswiftCoreFoundation.dylib: signed Mach-O universal (armv7 armv7s arm64) [com.apple.dt.runtime.swiftCoreFoundation]
2018-10-29 19:56:30 +0000 [MT] /usr/bin/codesign exited with 0
2018-10-29 19:56:30 +0000 [MT] Entitlements for <IDEDistributionItem: 0x7fe2bb297af0 'com.apple.dt.runtime.swiftCoreGraphics' '<DVTFilePath:0x7fe2bb4d0100:'/Users/leesha/Dropbox/EECS/Delta Lab/CrowdCheer/CrowdCheer/build/CrowdCheer.xcarchive/Products/Applications/CrowdCheer.app/Frameworks/libswiftCoreGraphics.dylib'>'>: {
}
2018-10-29 19:56:30 +0000 [MT] Writing entitlements for <IDEDistributionItem: 0x7fe2bb297af0 'com.apple.dt.runtime.swiftCoreGraphics' '<DVTFilePath:0x7fe2bb4d0100:'/Users/leesha/Dropbox/EECS/Delta Lab/CrowdCheer/CrowdCheer/build/CrowdCheer.xcarchive/Products/Applications/CrowdCheer.app/Frameworks/libswiftCoreGraphics.dylib'>'> to: /var/folders/8l/80ycd7n15lb47bn2f9dmz6tr0000gn/T/XcodeDistPipeline.p2w/entitlementsGbXUzW
2018-10-29 19:56:30 +0000 [MT] Running /usr/bin/codesign '-vvv' '--force' '--sign' 'D0AF524183625F06F0B8238136E6044EE4A109EE' '--entitlements' '/var/folders/8l/80ycd7n15lb47bn2f9dmz6tr0000gn/T/XcodeDistPipeline.p2w/entitlementsGbXUzW' '--preserve-metadata=identifier,flags,runtime' '/var/folders/8l/80ycd7n15lb47bn2f9dmz6tr0000gn/T/XcodeDistPipeline.p2w/Root/Payload/CrowdCheer.app/Frameworks/libswiftCoreGraphics.dylib'
2018-10-29 19:56:30 +0000  /var/folders/8l/80ycd7n15lb47bn2f9dmz6tr0000gn/T/XcodeDistPipeline.p2w/Root/Payload/CrowdCheer.app/Frameworks/libswiftCoreGraphics.dylib: replacing existing signature
2018-10-29 19:56:30 +0000  /var/folders/8l/80ycd7n15lb47bn2f9dmz6tr0000gn/T/XcodeDistPipeline.p2w/Root/Payload/CrowdCheer.app/Frameworks/libswiftCoreGraphics.dylib: signed Mach-O universal (armv7 armv7s arm64) [com.apple.dt.runtime.swiftCoreGraphics]
2018-10-29 19:56:30 +0000 [MT] /usr/bin/codesign exited with 0
2018-10-29 19:56:30 +0000 [MT] Entitlements for <IDEDistributionItem: 0x7fe2bb2b1070 'com.apple.dt.runtime.swiftCoreImage' '<DVTFilePath:0x7fe2bb4ceb60:'/Users/leesha/Dropbox/EECS/Delta Lab/CrowdCheer/CrowdCheer/build/CrowdCheer.xcarchive/Products/Applications/CrowdCheer.app/Frameworks/libswiftCoreImage.dylib'>'>: {
}
2018-10-29 19:56:30 +0000 [MT] Writing entitlements for <IDEDistributionItem: 0x7fe2bb2b1070 'com.apple.dt.runtime.swiftCoreImage' '<DVTFilePath:0x7fe2bb4ceb60:'/Users/leesha/Dropbox/EECS/Delta Lab/CrowdCheer/CrowdCheer/build/CrowdCheer.xcarchive/Products/Applications/CrowdCheer.app/Frameworks/libswiftCoreImage.dylib'>'> to: /var/folders/8l/80ycd7n15lb47bn2f9dmz6tr0000gn/T/XcodeDistPipeline.p2w/entitlements8u9pGD
2018-10-29 19:56:30 +0000 [MT] Running /usr/bin/codesign '-vvv' '--force' '--sign' 'D0AF524183625F06F0B8238136E6044EE4A109EE' '--entitlements' '/var/folders/8l/80ycd7n15lb47bn2f9dmz6tr0000gn/T/XcodeDistPipeline.p2w/entitlements8u9pGD' '--preserve-metadata=identifier,flags,runtime' '/var/folders/8l/80ycd7n15lb47bn2f9dmz6tr0000gn/T/XcodeDistPipeline.p2w/Root/Payload/CrowdCheer.app/Frameworks/libswiftCoreImage.dylib'
2018-10-29 19:56:30 +0000  /var/folders/8l/80ycd7n15lb47bn2f9dmz6tr0000gn/T/XcodeDistPipeline.p2w/Root/Payload/CrowdCheer.app/Frameworks/libswiftCoreImage.dylib: replacing existing signature
2018-10-29 19:56:30 +0000  /var/folders/8l/80ycd7n15lb47bn2f9dmz6tr0000gn/T/XcodeDistPipeline.p2w/Root/Payload/CrowdCheer.app/Frameworks/libswiftCoreImage.dylib: signed Mach-O universal (armv7 armv7s arm64) [com.apple.dt.runtime.swiftCoreImage]
2018-10-29 19:56:30 +0000 [MT] /usr/bin/codesign exited with 0
2018-10-29 19:56:30 +0000 [MT] Entitlements for <IDEDistributionItem: 0x7fe2b7052c70 'com.apple.dt.runtime.swiftCoreLocation' '<DVTFilePath:0x7fe2bb253230:'/Users/leesha/Dropbox/EECS/Delta Lab/CrowdCheer/CrowdCheer/build/CrowdCheer.xcarchive/Products/Applications/CrowdCheer.app/Frameworks/libswiftCoreLocation.dylib'>'>: {
}
2018-10-29 19:56:30 +0000 [MT] Writing entitlements for <IDEDistributionItem: 0x7fe2b7052c70 'com.apple.dt.runtime.swiftCoreLocation' '<DVTFilePath:0x7fe2bb253230:'/Users/leesha/Dropbox/EECS/Delta Lab/CrowdCheer/CrowdCheer/build/CrowdCheer.xcarchive/Products/Applications/CrowdCheer.app/Frameworks/libswiftCoreLocation.dylib'>'> to: /var/folders/8l/80ycd7n15lb47bn2f9dmz6tr0000gn/T/XcodeDistPipeline.p2w/entitlementsn89jDq
2018-10-29 19:56:30 +0000 [MT] Running /usr/bin/codesign '-vvv' '--force' '--sign' 'D0AF524183625F06F0B8238136E6044EE4A109EE' '--entitlements' '/var/folders/8l/80ycd7n15lb47bn2f9dmz6tr0000gn/T/XcodeDistPipeline.p2w/entitlementsn89jDq' '--preserve-metadata=identifier,flags,runtime' '/var/folders/8l/80ycd7n15lb47bn2f9dmz6tr0000gn/T/XcodeDistPipeline.p2w/Root/Payload/CrowdCheer.app/Frameworks/libswiftCoreLocation.dylib'
2018-10-29 19:56:30 +0000  /var/folders/8l/80ycd7n15lb47bn2f9dmz6tr0000gn/T/XcodeDistPipeline.p2w/Root/Payload/CrowdCheer.app/Frameworks/libswiftCoreLocation.dylib: replacing existing signature
2018-10-29 19:56:31 +0000  /var/folders/8l/80ycd7n15lb47bn2f9dmz6tr0000gn/T/XcodeDistPipeline.p2w/Root/Payload/CrowdCheer.app/Frameworks/libswiftCoreLocation.dylib: signed Mach-O universal (armv7 armv7s arm64) [com.apple.dt.runtime.swiftCoreLocation]
2018-10-29 19:56:31 +0000 [MT] /usr/bin/codesign exited with 0
2018-10-29 19:56:31 +0000 [MT] Entitlements for <IDEDistributionItem: 0x7fe2bb28a2e0 'com.apple.dt.runtime.swiftCoreMedia' '<DVTFilePath:0x7fe2bb24f9f0:'/Users/leesha/Dropbox/EECS/Delta Lab/CrowdCheer/CrowdCheer/build/CrowdCheer.xcarchive/Products/Applications/CrowdCheer.app/Frameworks/libswiftCoreMedia.dylib'>'>: {
}
2018-10-29 19:56:31 +0000 [MT] Writing entitlements for <IDEDistributionItem: 0x7fe2bb28a2e0 'com.apple.dt.runtime.swiftCoreMedia' '<DVTFilePath:0x7fe2bb24f9f0:'/Users/leesha/Dropbox/EECS/Delta Lab/CrowdCheer/CrowdCheer/build/CrowdCheer.xcarchive/Products/Applications/CrowdCheer.app/Frameworks/libswiftCoreMedia.dylib'>'> to: /var/folders/8l/80ycd7n15lb47bn2f9dmz6tr0000gn/T/XcodeDistPipeline.p2w/entitlementsuyF1Gq
2018-10-29 19:56:31 +0000 [MT] Running /usr/bin/codesign '-vvv' '--force' '--sign' 'D0AF524183625F06F0B8238136E6044EE4A109EE' '--entitlements' '/var/folders/8l/80ycd7n15lb47bn2f9dmz6tr0000gn/T/XcodeDistPipeline.p2w/entitlementsuyF1Gq' '--preserve-metadata=identifier,flags,runtime' '/var/folders/8l/80ycd7n15lb47bn2f9dmz6tr0000gn/T/XcodeDistPipeline.p2w/Root/Payload/CrowdCheer.app/Frameworks/libswiftCoreMedia.dylib'
2018-10-29 19:56:31 +0000  /var/folders/8l/80ycd7n15lb47bn2f9dmz6tr0000gn/T/XcodeDistPipeline.p2w/Root/Payload/CrowdCheer.app/Frameworks/libswiftCoreMedia.dylib: replacing existing signature
2018-10-29 19:56:31 +0000  /var/folders/8l/80ycd7n15lb47bn2f9dmz6tr0000gn/T/XcodeDistPipeline.p2w/Root/Payload/CrowdCheer.app/Frameworks/libswiftCoreMedia.dylib: signed Mach-O universal (armv7 armv7s arm64) [com.apple.dt.runtime.swiftCoreMedia]
2018-10-29 19:56:31 +0000 [MT] /usr/bin/codesign exited with 0
2018-10-29 19:56:31 +0000 [MT] Entitlements for <IDEDistributionItem: 0x7fe2bb684260 'com.apple.dt.runtime.swiftDarwin' '<DVTFilePath:0x7fe2bb4d2030:'/Users/leesha/Dropbox/EECS/Delta Lab/CrowdCheer/CrowdCheer/build/CrowdCheer.xcarchive/Products/Applications/CrowdCheer.app/Frameworks/libswiftDarwin.dylib'>'>: {
}
2018-10-29 19:56:31 +0000 [MT] Writing entitlements for <IDEDistributionItem: 0x7fe2bb684260 'com.apple.dt.runtime.swiftDarwin' '<DVTFilePath:0x7fe2bb4d2030:'/Users/leesha/Dropbox/EECS/Delta Lab/CrowdCheer/CrowdCheer/build/CrowdCheer.xcarchive/Products/Applications/CrowdCheer.app/Frameworks/libswiftDarwin.dylib'>'> to: /var/folders/8l/80ycd7n15lb47bn2f9dmz6tr0000gn/T/XcodeDistPipeline.p2w/entitlementsUpiqoT
2018-10-29 19:56:31 +0000 [MT] Running /usr/bin/codesign '-vvv' '--force' '--sign' 'D0AF524183625F06F0B8238136E6044EE4A109EE' '--entitlements' '/var/folders/8l/80ycd7n15lb47bn2f9dmz6tr0000gn/T/XcodeDistPipeline.p2w/entitlementsUpiqoT' '--preserve-metadata=identifier,flags,runtime' '/var/folders/8l/80ycd7n15lb47bn2f9dmz6tr0000gn/T/XcodeDistPipeline.p2w/Root/Payload/CrowdCheer.app/Frameworks/libswiftDarwin.dylib'
2018-10-29 19:56:31 +0000  /var/folders/8l/80ycd7n15lb47bn2f9dmz6tr0000gn/T/XcodeDistPipeline.p2w/Root/Payload/CrowdCheer.app/Frameworks/libswiftDarwin.dylib: replacing existing signature
2018-10-29 19:56:31 +0000  /var/folders/8l/80ycd7n15lb47bn2f9dmz6tr0000gn/T/XcodeDistPipeline.p2w/Root/Payload/CrowdCheer.app/Frameworks/libswiftDarwin.dylib: signed Mach-O universal (armv7 armv7s arm64) [com.apple.dt.runtime.swiftDarwin]
2018-10-29 19:56:31 +0000 [MT] /usr/bin/codesign exited with 0
2018-10-29 19:56:31 +0000 [MT] Entitlements for <IDEDistributionItem: 0x7fe2bb2a3160 'com.apple.dt.runtime.swiftDispatch' '<DVTFilePath:0x7fe2bb5c9e40:'/Users/leesha/Dropbox/EECS/Delta Lab/CrowdCheer/CrowdCheer/build/CrowdCheer.xcarchive/Products/Applications/CrowdCheer.app/Frameworks/libswiftDispatch.dylib'>'>: {
}
2018-10-29 19:56:31 +0000 [MT] Writing entitlements for <IDEDistributionItem: 0x7fe2bb2a3160 'com.apple.dt.runtime.swiftDispatch' '<DVTFilePath:0x7fe2bb5c9e40:'/Users/leesha/Dropbox/EECS/Delta Lab/CrowdCheer/CrowdCheer/build/CrowdCheer.xcarchive/Products/Applications/CrowdCheer.app/Frameworks/libswiftDispatch.dylib'>'> to: /var/folders/8l/80ycd7n15lb47bn2f9dmz6tr0000gn/T/XcodeDistPipeline.p2w/entitlementsY7GkP7
2018-10-29 19:56:31 +0000 [MT] Running /usr/bin/codesign '-vvv' '--force' '--sign' 'D0AF524183625F06F0B8238136E6044EE4A109EE' '--entitlements' '/var/folders/8l/80ycd7n15lb47bn2f9dmz6tr0000gn/T/XcodeDistPipeline.p2w/entitlementsY7GkP7' '--preserve-metadata=identifier,flags,runtime' '/var/folders/8l/80ycd7n15lb47bn2f9dmz6tr0000gn/T/XcodeDistPipeline.p2w/Root/Payload/CrowdCheer.app/Frameworks/libswiftDispatch.dylib'
2018-10-29 19:56:31 +0000  /var/folders/8l/80ycd7n15lb47bn2f9dmz6tr0000gn/T/XcodeDistPipeline.p2w/Root/Payload/CrowdCheer.app/Frameworks/libswiftDispatch.dylib: replacing existing signature
2018-10-29 19:56:31 +0000  /var/folders/8l/80ycd7n15lb47bn2f9dmz6tr0000gn/T/XcodeDistPipeline.p2w/Root/Payload/CrowdCheer.app/Frameworks/libswiftDispatch.dylib: signed Mach-O universal (armv7 armv7s arm64) [com.apple.dt.runtime.swiftDispatch]
2018-10-29 19:56:31 +0000 [MT] /usr/bin/codesign exited with 0
2018-10-29 19:56:31 +0000 [MT] Entitlements for <IDEDistributionItem: 0x7fe2bb67c080 'com.apple.dt.runtime.swiftFoundation' '<DVTFilePath:0x7fe2bb24a620:'/Users/leesha/Dropbox/EECS/Delta Lab/CrowdCheer/CrowdCheer/build/CrowdCheer.xcarchive/Products/Applications/CrowdCheer.app/Frameworks/libswiftFoundation.dylib'>'>: {
}
2018-10-29 19:56:31 +0000 [MT] Writing entitlements for <IDEDistributionItem: 0x7fe2bb67c080 'com.apple.dt.runtime.swiftFoundation' '<DVTFilePath:0x7fe2bb24a620:'/Users/leesha/Dropbox/EECS/Delta Lab/CrowdCheer/CrowdCheer/build/CrowdCheer.xcarchive/Products/Applications/CrowdCheer.app/Frameworks/libswiftFoundation.dylib'>'> to: /var/folders/8l/80ycd7n15lb47bn2f9dmz6tr0000gn/T/XcodeDistPipeline.p2w/entitlementsel6AtP
2018-10-29 19:56:31 +0000 [MT] Running /usr/bin/codesign '-vvv' '--force' '--sign' 'D0AF524183625F06F0B8238136E6044EE4A109EE' '--entitlements' '/var/folders/8l/80ycd7n15lb47bn2f9dmz6tr0000gn/T/XcodeDistPipeline.p2w/entitlementsel6AtP' '--preserve-metadata=identifier,flags,runtime' '/var/folders/8l/80ycd7n15lb47bn2f9dmz6tr0000gn/T/XcodeDistPipeline.p2w/Root/Payload/CrowdCheer.app/Frameworks/libswiftFoundation.dylib'
2018-10-29 19:56:31 +0000  /var/folders/8l/80ycd7n15lb47bn2f9dmz6tr0000gn/T/XcodeDistPipeline.p2w/Root/Payload/CrowdCheer.app/Frameworks/libswiftFoundation.dylib: replacing existing signature
2018-10-29 19:56:31 +0000  /var/folders/8l/80ycd7n15lb47bn2f9dmz6tr0000gn/T/XcodeDistPipeline.p2w/Root/Payload/CrowdCheer.app/Frameworks/libswiftFoundation.dylib: signed Mach-O universal (armv7 armv7s arm64) [com.apple.dt.runtime.swiftFoundation]
2018-10-29 19:56:31 +0000 [MT] /usr/bin/codesign exited with 0
2018-10-29 19:56:31 +0000 [MT] Entitlements for <IDEDistributionItem: 0x7fe2bb2a1d10 'com.apple.dt.runtime.swiftMapKit' '<DVTFilePath:0x7fe2bb4cfe50:'/Users/leesha/Dropbox/EECS/Delta Lab/CrowdCheer/CrowdCheer/build/CrowdCheer.xcarchive/Products/Applications/CrowdCheer.app/Frameworks/libswiftMapKit.dylib'>'>: {
}
2018-10-29 19:56:31 +0000 [MT] Writing entitlements for <IDEDistributionItem: 0x7fe2bb2a1d10 'com.apple.dt.runtime.swiftMapKit' '<DVTFilePath:0x7fe2bb4cfe50:'/Users/leesha/Dropbox/EECS/Delta Lab/CrowdCheer/CrowdCheer/build/CrowdCheer.xcarchive/Products/Applications/CrowdCheer.app/Frameworks/libswiftMapKit.dylib'>'> to: /var/folders/8l/80ycd7n15lb47bn2f9dmz6tr0000gn/T/XcodeDistPipeline.p2w/entitlementsIfE8JY
2018-10-29 19:56:31 +0000 [MT] Running /usr/bin/codesign '-vvv' '--force' '--sign' 'D0AF524183625F06F0B8238136E6044EE4A109EE' '--entitlements' '/var/folders/8l/80ycd7n15lb47bn2f9dmz6tr0000gn/T/XcodeDistPipeline.p2w/entitlementsIfE8JY' '--preserve-metadata=identifier,flags,runtime' '/var/folders/8l/80ycd7n15lb47bn2f9dmz6tr0000gn/T/XcodeDistPipeline.p2w/Root/Payload/CrowdCheer.app/Frameworks/libswiftMapKit.dylib'
2018-10-29 19:56:31 +0000  /var/folders/8l/80ycd7n15lb47bn2f9dmz6tr0000gn/T/XcodeDistPipeline.p2w/Root/Payload/CrowdCheer.app/Frameworks/libswiftMapKit.dylib: replacing existing signature
2018-10-29 19:56:31 +0000  /var/folders/8l/80ycd7n15lb47bn2f9dmz6tr0000gn/T/XcodeDistPipeline.p2w/Root/Payload/CrowdCheer.app/Frameworks/libswiftMapKit.dylib: signed Mach-O universal (armv7 armv7s arm64) [com.apple.dt.runtime.swiftMapKit]
2018-10-29 19:56:31 +0000 [MT] /usr/bin/codesign exited with 0
2018-10-29 19:56:31 +0000 [MT] Entitlements for <IDEDistributionItem: 0x7fe2bb685fc0 'com.apple.dt.runtime.swiftMetal' '<DVTFilePath:0x7fe2b7601c00:'/Users/leesha/Dropbox/EECS/Delta Lab/CrowdCheer/CrowdCheer/build/CrowdCheer.xcarchive/Products/Applications/CrowdCheer.app/Frameworks/libswiftMetal.dylib'>'>: {
}
2018-10-29 19:56:31 +0000 [MT] Writing entitlements for <IDEDistributionItem: 0x7fe2bb685fc0 'com.apple.dt.runtime.swiftMetal' '<DVTFilePath:0x7fe2b7601c00:'/Users/leesha/Dropbox/EECS/Delta Lab/CrowdCheer/CrowdCheer/build/CrowdCheer.xcarchive/Products/Applications/CrowdCheer.app/Frameworks/libswiftMetal.dylib'>'> to: /var/folders/8l/80ycd7n15lb47bn2f9dmz6tr0000gn/T/XcodeDistPipeline.p2w/entitlementsZIvg0l
2018-10-29 19:56:31 +0000 [MT] Running /usr/bin/codesign '-vvv' '--force' '--sign' 'D0AF524183625F06F0B8238136E6044EE4A109EE' '--entitlements' '/var/folders/8l/80ycd7n15lb47bn2f9dmz6tr0000gn/T/XcodeDistPipeline.p2w/entitlementsZIvg0l' '--preserve-metadata=identifier,flags,runtime' '/var/folders/8l/80ycd7n15lb47bn2f9dmz6tr0000gn/T/XcodeDistPipeline.p2w/Root/Payload/CrowdCheer.app/Frameworks/libswiftMetal.dylib'
2018-10-29 19:56:31 +0000  /var/folders/8l/80ycd7n15lb47bn2f9dmz6tr0000gn/T/XcodeDistPipeline.p2w/Root/Payload/CrowdCheer.app/Frameworks/libswiftMetal.dylib: replacing existing signature
2018-10-29 19:56:31 +0000  /var/folders/8l/80ycd7n15lb47bn2f9dmz6tr0000gn/T/XcodeDistPipeline.p2w/Root/Payload/CrowdCheer.app/Frameworks/libswiftMetal.dylib: signed Mach-O universal (armv7 armv7s arm64) [com.apple.dt.runtime.swiftMetal]
2018-10-29 19:56:31 +0000 [MT] /usr/bin/codesign exited with 0
2018-10-29 19:56:31 +0000 [MT] Entitlements for <IDEDistributionItem: 0x7fe2bb4eafa0 'com.apple.dt.runtime.swiftObjectiveC' '<DVTFilePath:0x7fe2bb4cdaf0:'/Users/leesha/Dropbox/EECS/Delta Lab/CrowdCheer/CrowdCheer/build/CrowdCheer.xcarchive/Products/Applications/CrowdCheer.app/Frameworks/libswiftObjectiveC.dylib'>'>: {
}
2018-10-29 19:56:31 +0000 [MT] Writing entitlements for <IDEDistributionItem: 0x7fe2bb4eafa0 'com.apple.dt.runtime.swiftObjectiveC' '<DVTFilePath:0x7fe2bb4cdaf0:'/Users/leesha/Dropbox/EECS/Delta Lab/CrowdCheer/CrowdCheer/build/CrowdCheer.xcarchive/Products/Applications/CrowdCheer.app/Frameworks/libswiftObjectiveC.dylib'>'> to: /var/folders/8l/80ycd7n15lb47bn2f9dmz6tr0000gn/T/XcodeDistPipeline.p2w/entitlementsRN19GC
2018-10-29 19:56:31 +0000 [MT] Running /usr/bin/codesign '-vvv' '--force' '--sign' 'D0AF524183625F06F0B8238136E6044EE4A109EE' '--entitlements' '/var/folders/8l/80ycd7n15lb47bn2f9dmz6tr0000gn/T/XcodeDistPipeline.p2w/entitlementsRN19GC' '--preserve-metadata=identifier,flags,runtime' '/var/folders/8l/80ycd7n15lb47bn2f9dmz6tr0000gn/T/XcodeDistPipeline.p2w/Root/Payload/CrowdCheer.app/Frameworks/libswiftObjectiveC.dylib'
2018-10-29 19:56:31 +0000  /var/folders/8l/80ycd7n15lb47bn2f9dmz6tr0000gn/T/XcodeDistPipeline.p2w/Root/Payload/CrowdCheer.app/Frameworks/libswiftObjectiveC.dylib: replacing existing signature
2018-10-29 19:56:31 +0000  /var/folders/8l/80ycd7n15lb47bn2f9dmz6tr0000gn/T/XcodeDistPipeline.p2w/Root/Payload/CrowdCheer.app/Frameworks/libswiftObjectiveC.dylib: signed Mach-O universal (armv7 armv7s arm64) [com.apple.dt.runtime.swiftObjectiveC]
2018-10-29 19:56:31 +0000 [MT] /usr/bin/codesign exited with 0
2018-10-29 19:56:31 +0000 [MT] Entitlements for <IDEDistributionItem: 0x7fe2bb28df00 'com.apple.dt.runtime.swiftQuartzCore' '<DVTFilePath:0x7fe2bb4d3250:'/Users/leesha/Dropbox/EECS/Delta Lab/CrowdCheer/CrowdCheer/build/CrowdCheer.xcarchive/Products/Applications/CrowdCheer.app/Frameworks/libswiftQuartzCore.dylib'>'>: {
}
2018-10-29 19:56:31 +0000 [MT] Writing entitlements for <IDEDistributionItem: 0x7fe2bb28df00 'com.apple.dt.runtime.swiftQuartzCore' '<DVTFilePath:0x7fe2bb4d3250:'/Users/leesha/Dropbox/EECS/Delta Lab/CrowdCheer/CrowdCheer/build/CrowdCheer.xcarchive/Products/Applications/CrowdCheer.app/Frameworks/libswiftQuartzCore.dylib'>'> to: /var/folders/8l/80ycd7n15lb47bn2f9dmz6tr0000gn/T/XcodeDistPipeline.p2w/entitlementsiuiEG1
2018-10-29 19:56:31 +0000 [MT] Running /usr/bin/codesign '-vvv' '--force' '--sign' 'D0AF524183625F06F0B8238136E6044EE4A109EE' '--entitlements' '/var/folders/8l/80ycd7n15lb47bn2f9dmz6tr0000gn/T/XcodeDistPipeline.p2w/entitlementsiuiEG1' '--preserve-metadata=identifier,flags,runtime' '/var/folders/8l/80ycd7n15lb47bn2f9dmz6tr0000gn/T/XcodeDistPipeline.p2w/Root/Payload/CrowdCheer.app/Frameworks/libswiftQuartzCore.dylib'
2018-10-29 19:56:31 +0000  /var/folders/8l/80ycd7n15lb47bn2f9dmz6tr0000gn/T/XcodeDistPipeline.p2w/Root/Payload/CrowdCheer.app/Frameworks/libswiftQuartzCore.dylib: replacing existing signature
2018-10-29 19:56:31 +0000  /var/folders/8l/80ycd7n15lb47bn2f9dmz6tr0000gn/T/XcodeDistPipeline.p2w/Root/Payload/CrowdCheer.app/Frameworks/libswiftQuartzCore.dylib: signed Mach-O universal (armv7 armv7s arm64) [com.apple.dt.runtime.swiftQuartzCore]
2018-10-29 19:56:31 +0000 [MT] /usr/bin/codesign exited with 0
2018-10-29 19:56:31 +0000 [MT] Entitlements for <IDEDistributionItem: 0x7fe2bb2a9700 'com.apple.dt.runtime.swiftUIKit' '<DVTFilePath:0x7fe2bb5c8cf0:'/Users/leesha/Dropbox/EECS/Delta Lab/CrowdCheer/CrowdCheer/build/CrowdCheer.xcarchive/Products/Applications/CrowdCheer.app/Frameworks/libswiftUIKit.dylib'>'>: {
}
2018-10-29 19:56:31 +0000 [MT] Writing entitlements for <IDEDistributionItem: 0x7fe2bb2a9700 'com.apple.dt.runtime.swiftUIKit' '<DVTFilePath:0x7fe2bb5c8cf0:'/Users/leesha/Dropbox/EECS/Delta Lab/CrowdCheer/CrowdCheer/build/CrowdCheer.xcarchive/Products/Applications/CrowdCheer.app/Frameworks/libswiftUIKit.dylib'>'> to: /var/folders/8l/80ycd7n15lb47bn2f9dmz6tr0000gn/T/XcodeDistPipeline.p2w/entitlementsUp8yMg
2018-10-29 19:56:31 +0000 [MT] Running /usr/bin/codesign '-vvv' '--force' '--sign' 'D0AF524183625F06F0B8238136E6044EE4A109EE' '--entitlements' '/var/folders/8l/80ycd7n15lb47bn2f9dmz6tr0000gn/T/XcodeDistPipeline.p2w/entitlementsUp8yMg' '--preserve-metadata=identifier,flags,runtime' '/var/folders/8l/80ycd7n15lb47bn2f9dmz6tr0000gn/T/XcodeDistPipeline.p2w/Root/Payload/CrowdCheer.app/Frameworks/libswiftUIKit.dylib'
2018-10-29 19:56:31 +0000  /var/folders/8l/80ycd7n15lb47bn2f9dmz6tr0000gn/T/XcodeDistPipeline.p2w/Root/Payload/CrowdCheer.app/Frameworks/libswiftUIKit.dylib: replacing existing signature
2018-10-29 19:56:31 +0000  /var/folders/8l/80ycd7n15lb47bn2f9dmz6tr0000gn/T/XcodeDistPipeline.p2w/Root/Payload/CrowdCheer.app/Frameworks/libswiftUIKit.dylib: signed Mach-O universal (armv7 armv7s arm64) [com.apple.dt.runtime.swiftUIKit]
2018-10-29 19:56:31 +0000 [MT] /usr/bin/codesign exited with 0
2018-10-29 19:56:31 +0000 [MT] Entitlements for <IDEDistributionItem: 0x7fe2bb29c6c0 'com.apple.dt.runtime.swiftos' '<DVTFilePath:0x7fe2b76079b0:'/Users/leesha/Dropbox/EECS/Delta Lab/CrowdCheer/CrowdCheer/build/CrowdCheer.xcarchive/Products/Applications/CrowdCheer.app/Frameworks/libswiftos.dylib'>'>: {
}
2018-10-29 19:56:31 +0000 [MT] Writing entitlements for <IDEDistributionItem: 0x7fe2bb29c6c0 'com.apple.dt.runtime.swiftos' '<DVTFilePath:0x7fe2b76079b0:'/Users/leesha/Dropbox/EECS/Delta Lab/CrowdCheer/CrowdCheer/build/CrowdCheer.xcarchive/Products/Applications/CrowdCheer.app/Frameworks/libswiftos.dylib'>'> to: /var/folders/8l/80ycd7n15lb47bn2f9dmz6tr0000gn/T/XcodeDistPipeline.p2w/entitlements2ScJe9
2018-10-29 19:56:31 +0000 [MT] Running /usr/bin/codesign '-vvv' '--force' '--sign' 'D0AF524183625F06F0B8238136E6044EE4A109EE' '--entitlements' '/var/folders/8l/80ycd7n15lb47bn2f9dmz6tr0000gn/T/XcodeDistPipeline.p2w/entitlements2ScJe9' '--preserve-metadata=identifier,flags,runtime' '/var/folders/8l/80ycd7n15lb47bn2f9dmz6tr0000gn/T/XcodeDistPipeline.p2w/Root/Payload/CrowdCheer.app/Frameworks/libswiftos.dylib'
2018-10-29 19:56:32 +0000  /var/folders/8l/80ycd7n15lb47bn2f9dmz6tr0000gn/T/XcodeDistPipeline.p2w/Root/Payload/CrowdCheer.app/Frameworks/libswiftos.dylib: replacing existing signature
2018-10-29 19:56:32 +0000  /var/folders/8l/80ycd7n15lb47bn2f9dmz6tr0000gn/T/XcodeDistPipeline.p2w/Root/Payload/CrowdCheer.app/Frameworks/libswiftos.dylib: signed Mach-O universal (armv7 armv7s arm64) [com.apple.dt.runtime.swiftos]
2018-10-29 19:56:32 +0000 [MT] /usr/bin/codesign exited with 0
2018-10-29 19:56:32 +0000 [MT] Entitlements for <IDEDistributionItem: 0x7fe2bb4e7c60 'com.apple.dt.runtime.swiftsimd' '<DVTFilePath:0x7fe2bb247f70:'/Users/leesha/Dropbox/EECS/Delta Lab/CrowdCheer/CrowdCheer/build/CrowdCheer.xcarchive/Products/Applications/CrowdCheer.app/Frameworks/libswiftsimd.dylib'>'>: {
}
2018-10-29 19:56:32 +0000 [MT] Writing entitlements for <IDEDistributionItem: 0x7fe2bb4e7c60 'com.apple.dt.runtime.swiftsimd' '<DVTFilePath:0x7fe2bb247f70:'/Users/leesha/Dropbox/EECS/Delta Lab/CrowdCheer/CrowdCheer/build/CrowdCheer.xcarchive/Products/Applications/CrowdCheer.app/Frameworks/libswiftsimd.dylib'>'> to: /var/folders/8l/80ycd7n15lb47bn2f9dmz6tr0000gn/T/XcodeDistPipeline.p2w/entitlementsrxuzMq
2018-10-29 19:56:32 +0000 [MT] Running /usr/bin/codesign '-vvv' '--force' '--sign' 'D0AF524183625F06F0B8238136E6044EE4A109EE' '--entitlements' '/var/folders/8l/80ycd7n15lb47bn2f9dmz6tr0000gn/T/XcodeDistPipeline.p2w/entitlementsrxuzMq' '--preserve-metadata=identifier,flags,runtime' '/var/folders/8l/80ycd7n15lb47bn2f9dmz6tr0000gn/T/XcodeDistPipeline.p2w/Root/Payload/CrowdCheer.app/Frameworks/libswiftsimd.dylib'
2018-10-29 19:56:32 +0000  /var/folders/8l/80ycd7n15lb47bn2f9dmz6tr0000gn/T/XcodeDistPipeline.p2w/Root/Payload/CrowdCheer.app/Frameworks/libswiftsimd.dylib: replacing existing signature
2018-10-29 19:56:32 +0000  /var/folders/8l/80ycd7n15lb47bn2f9dmz6tr0000gn/T/XcodeDistPipeline.p2w/Root/Payload/CrowdCheer.app/Frameworks/libswiftsimd.dylib: signed Mach-O universal (armv7 armv7s arm64) [com.apple.dt.runtime.swiftsimd]
2018-10-29 19:56:32 +0000 [MT] /usr/bin/codesign exited with 0
2018-10-29 19:56:32 +0000 [MT] Entitlements for <IDEDistributionItem: 0x7fe2bb2b4e40 'edu.northwestern.delta.C' '<DVTFilePath:0x7fe2bb22fab0:'/Users/leesha/Dropbox/EECS/Delta Lab/CrowdCheer/CrowdCheer/build/CrowdCheer.xcarchive/Products/Applications/CrowdCheer.app'>'>: {
    "application-identifier" = "823S57WQK3.edu.northwestern.delta.C";
    "com.apple.developer.team-identifier" = 823S57WQK3;
    "get-task-allow" = 0;
    "keychain-access-groups" =     (
        "823S57WQK3.edu.northwestern.delta.C"
    );
}
2018-10-29 19:56:32 +0000 [MT] Writing entitlements for <IDEDistributionItem: 0x7fe2bb2b4e40 'edu.northwestern.delta.C' '<DVTFilePath:0x7fe2bb22fab0:'/Users/leesha/Dropbox/EECS/Delta Lab/CrowdCheer/CrowdCheer/build/CrowdCheer.xcarchive/Products/Applications/CrowdCheer.app'>'> to: /var/folders/8l/80ycd7n15lb47bn2f9dmz6tr0000gn/T/XcodeDistPipeline.p2w/entitlements8PagFc
2018-10-29 19:56:32 +0000 [MT] Running /usr/bin/codesign '-vvv' '--force' '--sign' 'D0AF524183625F06F0B8238136E6044EE4A109EE' '--entitlements' '/var/folders/8l/80ycd7n15lb47bn2f9dmz6tr0000gn/T/XcodeDistPipeline.p2w/entitlements8PagFc' '--preserve-metadata=identifier,flags,runtime' '/var/folders/8l/80ycd7n15lb47bn2f9dmz6tr0000gn/T/XcodeDistPipeline.p2w/Root/Payload/CrowdCheer.app'
2018-10-29 19:56:32 +0000  /var/folders/8l/80ycd7n15lb47bn2f9dmz6tr0000gn/T/XcodeDistPipeline.p2w/Root/Payload/CrowdCheer.app: replacing existing signature
2018-10-29 19:56:32 +0000  /var/folders/8l/80ycd7n15lb47bn2f9dmz6tr0000gn/T/XcodeDistPipeline.p2w/Root/Payload/CrowdCheer.app: signed app bundle with Mach-O universal (armv7 arm64) [edu.northwestern.delta.C]
2018-10-29 19:56:32 +0000 [MT] /usr/bin/codesign exited with 0
2018-10-29 19:56:32 +0000 [MT] Processing step: IDEDistributionZipODRItemStep
2018-10-29 19:56:32 +0000 [MT] Skipping step: IDEDistributionZipODRItemStep because it said so
2018-10-29 19:56:32 +0000 [MT] Skipping step: IDEDistributionZipODRItemStep because it said so
2018-10-29 19:56:32 +0000 [MT] Skipping step: IDEDistributionZipODRItemStep because it said so
2018-10-29 19:56:32 +0000 [MT] Skipping step: IDEDistributionZipODRItemStep because it said so
2018-10-29 19:56:32 +0000 [MT] Skipping step: IDEDistributionZipODRItemStep because it said so
2018-10-29 19:56:32 +0000 [MT] Skipping step: IDEDistributionZipODRItemStep because it said so
2018-10-29 19:56:32 +0000 [MT] Skipping step: IDEDistributionZipODRItemStep because it said so
2018-10-29 19:56:32 +0000 [MT] Skipping step: IDEDistributionZipODRItemStep because it said so
2018-10-29 19:56:32 +0000 [MT] Skipping step: IDEDistributionZipODRItemStep because it said so
2018-10-29 19:56:32 +0000 [MT] Skipping step: IDEDistributionZipODRItemStep because it said so
2018-10-29 19:56:32 +0000 [MT] Skipping step: IDEDistributionZipODRItemStep because it said so
2018-10-29 19:56:32 +0000 [MT] Skipping step: IDEDistributionZipODRItemStep because it said so
2018-10-29 19:56:32 +0000 [MT] Skipping step: IDEDistributionZipODRItemStep because it said so
2018-10-29 19:56:32 +0000 [MT] Skipping step: IDEDistributionZipODRItemStep because it said so
2018-10-29 19:56:32 +0000 [MT] Skipping step: IDEDistributionZipODRItemStep because it said so
2018-10-29 19:56:32 +0000 [MT] Skipping step: IDEDistributionZipODRItemStep because it said so
2018-10-29 19:56:32 +0000 [MT] Skipping step: IDEDistributionZipODRItemStep because it said so
2018-10-29 19:56:32 +0000 [MT] Skipping step: IDEDistributionZipODRItemStep because it said so
2018-10-29 19:56:32 +0000 [MT] Skipping step: IDEDistributionZipODRItemStep because it said so
2018-10-29 19:56:32 +0000 [MT] Skipping step: IDEDistributionZipODRItemStep because it said so
2018-10-29 19:56:32 +0000 [MT] Skipping step: IDEDistributionZipODRItemStep because it said so
2018-10-29 19:56:32 +0000 [MT] Processing step: IDEDistributionCreateIPAStep
2018-10-29 19:56:32 +0000 [MT] Running /usr/bin/ditto '-V' '-c' '-k' '--norsrc' '/var/folders/8l/80ycd7n15lb47bn2f9dmz6tr0000gn/T/XcodeDistPipeline.p2w/Root' '/var/folders/8l/80ycd7n15lb47bn2f9dmz6tr0000gn/T/XcodeDistPipeline.p2w/Packages/CrowdCheer.ipa'
2018-10-29 19:56:32 +0000  >>> Copying /var/folders/8l/80ycd7n15lb47bn2f9dmz6tr0000gn/T/XcodeDistPipeline.p2w/Root 
2018-10-29 19:56:32 +0000  copying file ./Payload/CrowdCheer.app/_CodeSignature/CodeResources ... 
2018-10-29 19:56:32 +0000  30636 bytes for ./Payload/CrowdCheer.app/_CodeSignature/CodeResources
2018-10-29 19:56:32 +0000  copying file ./Payload/CrowdCheer.app/gps.png ... 
2100 bytes for ./Payload/CrowdCheer.app/gps.png
copying file ./Payload/CrowdCheer.app/CrowdCheer ... 
2018-10-29 19:56:32 +0000  1405344 bytes for ./Payload/CrowdCheer.app/CrowdCheer
copying file ./Payload/CrowdCheer.app/silence.mp3 ... 
2018-10-29 19:56:32 +0000  3951744 bytes for ./Payload/CrowdCheer.app/silence.mp3
2018-10-29 19:56:32 +0000  copying file ./Payload/CrowdCheer.app/settings.png ... 
2018-10-29 19:56:32 +0000  3728 bytes for ./Payload/CrowdCheer.app/settings.png
copying file ./Payload/CrowdCheer.app/apple-icon.png ... 
2018-10-29 19:56:32 +0000  13415 bytes for ./Payload/CrowdCheer.app/apple-icon.png
2018-10-29 19:56:32 +0000  copying file ./Payload/CrowdCheer.app/apple-icon-144x144.png ... 
2018-10-29 19:56:32 +0000  8444 bytes for ./Payload/CrowdCheer.app/apple-icon-144x144.png
copying file ./Payload/CrowdCheer.app/apple-icon-precomposed.png ... 
2018-10-29 19:56:32 +0000  13415 bytes for ./Payload/CrowdCheer.app/apple-icon-precomposed.png
2018-10-29 19:56:32 +0000  copying file ./Payload/CrowdCheer.app/profileDefault.png ... 
2018-10-29 19:56:32 +0000  5057 bytes for ./Payload/CrowdCheer.app/profileDefault.png
copying file ./Payload/CrowdCheer.app/apple-icon-114x114.png ... 
2018-10-29 19:56:32 +0000  5863 bytes for ./Payload/CrowdCheer.app/apple-icon-114x114.png
copying file ./Payload/CrowdCheer.app/AppIcon60x60@2x.png ... 
2018-10-29 19:56:32 +0000  6814 bytes for ./Payload/CrowdCheer.app/AppIcon60x60@2x.png
copying file ./Payload/CrowdCheer.app/map.png ... 
2018-10-29 19:56:32 +0000  1941 bytes for ./Payload/CrowdCheer.app/map.png
copying file ./Payload/CrowdCheer.app/AppIcon40x40@3x.png ... 
2018-10-29 19:56:32 +0000  6814 bytes for ./Payload/CrowdCheer.app/AppIcon40x40@3x.png
2018-10-29 19:56:32 +0000  copying file ./Payload/CrowdCheer.app/smartphone.png ... 
2345 bytes for ./Payload/CrowdCheer.app/smartphone.png
2018-10-29 19:56:32 +0000  copying file ./Payload/CrowdCheer.app/AppIcon60x60@3x.png ... 
2018-10-29 19:56:32 +0000  12715 bytes for ./Payload/CrowdCheer.app/AppIcon60x60@3x.png
copying file ./Payload/CrowdCheer.app/tracking.png ... 
2018-10-29 19:56:32 +0000  12468 bytes for ./Payload/CrowdCheer.app/tracking.png
2018-10-29 19:56:32 +0000  copying file ./Payload/CrowdCheer.app/Base.lproj/LaunchScreen.nib ... 
2018-10-29 19:56:32 +0000  4285 bytes for ./Payload/CrowdCheer.app/Base.lproj/LaunchScreen.nib
copying file ./Payload/CrowdCheer.app/Base.lproj/Main.storyboardc/dMm-wU-aXA-view-M2r-0L-aHZ.nib ... 
2018-10-29 19:56:32 +0000  6935 bytes for ./Payload/CrowdCheer.app/Base.lproj/Main.storyboardc/dMm-wU-aXA-view-M2r-0L-aHZ.nib
2018-10-29 19:56:32 +0000  copying file ./Payload/CrowdCheer.app/Base.lproj/Main.storyboardc/prerunViewController.nib ... 
2086 bytes for ./Payload/CrowdCheer.app/Base.lproj/Main.storyboardc/prerunViewController.nib
2018-10-29 19:56:32 +0000  copying file ./Payload/CrowdCheer.app/Base.lproj/Main.storyboardc/HAW-fB-p8Q-view-pv5-8p-hIk.nib ... 
2018-10-29 19:56:32 +0000  7965 bytes for ./Payload/CrowdCheer.app/Base.lproj/Main.storyboardc/HAW-fB-p8Q-view-pv5-8p-hIk.nib
copying file ./Payload/CrowdCheer.app/Base.lproj/Main.storyboardc/uDh-vD-uKF-view-blk-JG-yrS.nib ... 
2018-10-29 19:56:32 +0000  6363 bytes for ./Payload/CrowdCheer.app/Base.lproj/Main.storyboardc/uDh-vD-uKF-view-blk-JG-yrS.nib
2018-10-29 19:56:32 +0000  copying file ./Payload/CrowdCheer.app/Base.lproj/Main.storyboardc/affinityViewController.nib ... 
2180 bytes for ./Payload/CrowdCheer.app/Base.lproj/Main.storyboardc/affinityViewController.nib
2018-10-29 19:56:32 +0000  copying file ./Payload/CrowdCheer.app/Base.lproj/Main.storyboardc/x3m-YV-U7c-view-1hl-1W-6rS.nib ... 
2018-10-29 19:56:32 +0000  9968 bytes for ./Payload/CrowdCheer.app/Base.lproj/Main.storyboardc/x3m-YV-U7c-view-1hl-1W-6rS.nib
2018-10-29 19:56:32 +0000  copying file ./Payload/CrowdCheer.app/Base.lproj/Main.storyboardc/zUr-da-CH6-view-Mgt-DS-SeI.nib ... 
2018-10-29 19:56:32 +0000  8405 bytes for ./Payload/CrowdCheer.app/Base.lproj/Main.storyboardc/zUr-da-CH6-view-Mgt-DS-SeI.nib
2018-10-29 19:56:32 +0000  copying file ./Payload/CrowdCheer.app/Base.lproj/Main.storyboardc/ProfileViewController.nib ... 
2083 bytes for ./Payload/CrowdCheer.app/Base.lproj/Main.storyboardc/ProfileViewController.nib
2018-10-29 19:56:32 +0000  copying file ./Payload/CrowdCheer.app/Base.lproj/Main.storyboardc/CheerViewController.nib ... 
1313 bytes for ./Payload/CrowdCheer.app/Base.lproj/Main.storyboardc/CheerViewController.nib
copying file ./Payload/CrowdCheer.app/Base.lproj/Main.storyboardc/COo-W5-esK-view-DBs-kW-t24.nib ... 
2018-10-29 19:56:32 +0000  14646 bytes for ./Payload/CrowdCheer.app/Base.lproj/Main.storyboardc/COo-W5-esK-view-DBs-kW-t24.nib
2018-10-29 19:56:32 +0000  copying file ./Payload/CrowdCheer.app/Base.lproj/Main.storyboardc/navController.nib ... 
2018-10-29 19:56:32 +0000  3152 bytes for ./Payload/CrowdCheer.app/Base.lproj/Main.storyboardc/navController.nib
copying file ./Payload/CrowdCheer.app/Base.lproj/Main.storyboardc/UIViewController-SL2-bs-2Nj.nib ... 
2018-10-29 19:56:32 +0000  1355 bytes for ./Payload/CrowdCheer.app/Base.lproj/Main.storyboardc/UIViewController-SL2-bs-2Nj.nib
copying file ./Payload/CrowdCheer.app/Base.lproj/Main.storyboardc/runViewController.nib ... 
2018-10-29 19:56:32 +0000  1313 bytes for ./Payload/CrowdCheer.app/Base.lproj/Main.storyboardc/runViewController.nib
copying file ./Payload/CrowdCheer.app/Base.lproj/Main.storyboardc/DashboardViewController.nib ... 
1747 bytes for ./Payload/CrowdCheer.app/Base.lproj/Main.storyboardc/DashboardViewController.nib
2018-10-29 19:56:32 +0000  copying file ./Payload/CrowdCheer.app/Base.lproj/Main.storyboardc/UIViewController-x3m-YV-U7c.nib ... 
1712 bytes for ./Payload/CrowdCheer.app/Base.lproj/Main.storyboardc/UIViewController-x3m-YV-U7c.nib
copying file ./Payload/CrowdCheer.app/Base.lproj/Main.storyboardc/Pm9-0g-7IT-view-UWT-8N-XTP.nib ... 
2018-10-29 19:56:32 +0000  8075 bytes for ./Payload/CrowdCheer.app/Base.lproj/Main.storyboardc/Pm9-0g-7IT-view-UWT-8N-XTP.nib
2018-10-29 19:56:32 +0000  copying file ./Payload/CrowdCheer.app/Base.lproj/Main.storyboardc/roleViewController.nib ... 
2018-10-29 19:56:32 +0000  2431 bytes for ./Payload/CrowdCheer.app/Base.lproj/Main.storyboardc/roleViewController.nib
copying file ./Payload/CrowdCheer.app/Base.lproj/Main.storyboardc/runInstructionViewController.nib ... 
1421 bytes for ./Payload/CrowdCheer.app/Base.lproj/Main.storyboardc/runInstructionViewController.nib
2018-10-29 19:56:32 +0000  copying file ./Payload/CrowdCheer.app/Base.lproj/Main.storyboardc/Info.plist ... 
819 bytes for ./Payload/CrowdCheer.app/Base.lproj/Main.storyboardc/Info.plist
copying file ./Payload/CrowdCheer.app/Base.lproj/Main.storyboardc/3xr-dc-zTt-view-eXg-WL-2uq.nib ... 
2018-10-29 19:56:32 +0000  7274 bytes for ./Payload/CrowdCheer.app/Base.lproj/Main.storyboardc/3xr-dc-zTt-view-eXg-WL-2uq.nib
2018-10-29 19:56:32 +0000  copying file ./Payload/CrowdCheer.app/Base.lproj/Main.storyboardc/Pwj-he-eYY-view-0QU-e6-HVJ.nib ... 
2018-10-29 19:56:32 +0000  8229 bytes for ./Payload/CrowdCheer.app/Base.lproj/Main.storyboardc/Pwj-he-eYY-view-0QU-e6-HVJ.nib
2018-10-29 19:56:32 +0000  copying file ./Payload/CrowdCheer.app/Base.lproj/Main.storyboardc/Ixl-Xt-fBa-view-gW7-rc-Kew.nib ... 
2018-10-29 19:56:32 +0000  5222 bytes for ./Payload/CrowdCheer.app/Base.lproj/Main.storyboardc/Ixl-Xt-fBa-view-gW7-rc-Kew.nib
copying file ./Payload/CrowdCheer.app/Base.lproj/Main.storyboardc/SL2-bs-2Nj-view-Bu9-43-O8i.nib ... 
2018-10-29 19:56:32 +0000  5376 bytes for ./Payload/CrowdCheer.app/Base.lproj/Main.storyboardc/SL2-bs-2Nj-view-Bu9-43-O8i.nib
2018-10-29 19:56:32 +0000  copying file ./Payload/CrowdCheer.app/Base.lproj/Main.storyboardc/signUpViewController.nib ... 
1229 bytes for ./Payload/CrowdCheer.app/Base.lproj/Main.storyboardc/signUpViewController.nib
2018-10-29 19:56:32 +0000  copying file ./Payload/CrowdCheer.app/megaphone.png ... 
2018-10-29 19:56:32 +0000  2646 bytes for ./Payload/CrowdCheer.app/megaphone.png
copying file ./Payload/CrowdCheer.app/apple-icon-57x57.png ... 
2018-10-29 19:56:32 +0000  2402 bytes for ./Payload/CrowdCheer.app/apple-icon-57x57.png
copying file ./Payload/CrowdCheer.app/heart.png ... 
2511 bytes for ./Payload/CrowdCheer.app/heart.png
2018-10-29 19:56:32 +0000  copying file ./Payload/CrowdCheer.app/apple-icon-152x152.png ... 
2018-10-29 19:56:32 +0000  9294 bytes for ./Payload/CrowdCheer.app/apple-icon-152x152.png
copying file ./Payload/CrowdCheer.app/Assets.car ... 
2018-10-29 19:56:32 +0000  62376 bytes for ./Payload/CrowdCheer.app/Assets.car
2018-10-29 19:56:32 +0000  copying file ./Payload/CrowdCheer.app/apple-icon-180x180.png ... 
2018-10-29 19:56:32 +0000  12231 bytes for ./Payload/CrowdCheer.app/apple-icon-180x180.png
2018-10-29 19:56:32 +0000  copying file ./Payload/CrowdCheer.app/profile.png ... 
2018-10-29 19:56:32 +0000  3095 bytes for ./Payload/CrowdCheer.app/profile.png
copying file ./Payload/CrowdCheer.app/location.png ... 
2018-10-29 19:56:32 +0000  3155 bytes for ./Payload/CrowdCheer.app/location.png
copying file ./Payload/CrowdCheer.app/apple-icon-76x76.png ... 
2018-10-29 19:56:32 +0000  3565 bytes for ./Payload/CrowdCheer.app/apple-icon-76x76.png
copying file ./Payload/CrowdCheer.app/clock.png ... 
2018-10-29 19:56:32 +0000  3924 bytes for ./Payload/CrowdCheer.app/clock.png
copying file ./Payload/CrowdCheer.app/Ford.gpx ... 
2018-10-29 19:56:32 +0000  138 bytes for ./Payload/CrowdCheer.app/Ford.gpx
copying file ./Payload/CrowdCheer.app/apple-icon-60x60.png ... 
2018-10-29 19:56:32 +0000  2564 bytes for ./Payload/CrowdCheer.app/apple-icon-60x60.png
copying file ./Payload/CrowdCheer.app/myrunner.png ... 
983 bytes for ./Payload/CrowdCheer.app/myrunner.png
copying file ./Payload/CrowdCheer.app/running.png ... 
2018-10-29 19:56:32 +0000  3425 bytes for ./Payload/CrowdCheer.app/running.png
2018-10-29 19:56:32 +0000  copying file ./Payload/CrowdCheer.app/Frameworks/libswiftMapKit.dylib ... 
2018-10-29 19:56:32 +0000  255392 bytes for ./Payload/CrowdCheer.app/Frameworks/libswiftMapKit.dylib
2018-10-29 19:56:32 +0000  copying file ./Payload/CrowdCheer.app/Frameworks/libswiftCoreImage.dylib ... 
2018-10-29 19:56:32 +0000  251056 bytes for ./Payload/CrowdCheer.app/Frameworks/libswiftCoreImage.dylib
2018-10-29 19:56:32 +0000  copying file ./Payload/CrowdCheer.app/Frameworks/libswiftObjectiveC.dylib ... 
2018-10-29 19:56:32 +0000  299600 bytes for ./Payload/CrowdCheer.app/Frameworks/libswiftObjectiveC.dylib
2018-10-29 19:56:32 +0000  copying file ./Payload/CrowdCheer.app/Frameworks/libswiftCore.dylib ... 
2018-10-29 19:56:33 +0000  16705136 bytes for ./Payload/CrowdCheer.app/Frameworks/libswiftCore.dylib
2018-10-29 19:56:33 +0000  copying file ./Payload/CrowdCheer.app/Frameworks/libswiftCoreGraphics.dylib ... 
2018-10-29 19:56:33 +0000  651792 bytes for ./Payload/CrowdCheer.app/Frameworks/libswiftCoreGraphics.dylib
2018-10-29 19:56:33 +0000  copying file ./Payload/CrowdCheer.app/Frameworks/Parse.framework/_CodeSignature/CodeResources ... 
2951 bytes for ./Payload/CrowdCheer.app/Frameworks/Parse.framework/_CodeSignature/CodeResources
copying file ./Payload/CrowdCheer.app/Frameworks/Parse.framework/Parse ... 
2018-10-29 19:56:33 +0000  4259968 bytes for ./Payload/CrowdCheer.app/Frameworks/Parse.framework/Parse
2018-10-29 19:56:33 +0000  copying file ./Payload/CrowdCheer.app/Frameworks/Parse.framework/Parse.bundle/en.lproj/Parse.strings ... 
122 bytes for ./Payload/CrowdCheer.app/Frameworks/Parse.framework/Parse.bundle/en.lproj/Parse.strings
copying file ./Payload/CrowdCheer.app/Frameworks/Parse.framework/Parse.bundle/Info.plist ... 
2018-10-29 19:56:33 +0000  710 bytes for ./Payload/CrowdCheer.app/Frameworks/Parse.framework/Parse.bundle/Info.plist
copying file ./Payload/CrowdCheer.app/Frameworks/Parse.framework/Info.plist ... 
2018-10-29 19:56:33 +0000  735 bytes for ./Payload/CrowdCheer.app/Frameworks/Parse.framework/Info.plist
copying file ./Payload/CrowdCheer.app/Frameworks/libswiftUIKit.dylib ... 
2018-10-29 19:56:33 +0000  527088 bytes for ./Payload/CrowdCheer.app/Frameworks/libswiftUIKit.dylib
2018-10-29 19:56:33 +0000  copying file ./Payload/CrowdCheer.app/Frameworks/libswiftMetal.dylib ... 
2018-10-29 19:56:33 +0000  295696 bytes for ./Payload/CrowdCheer.app/Frameworks/libswiftMetal.dylib
2018-10-29 19:56:33 +0000  copying file ./Payload/CrowdCheer.app/Frameworks/libswiftDispatch.dylib ... 
2018-10-29 19:56:33 +0000  1059200 bytes for ./Payload/CrowdCheer.app/Frameworks/libswiftDispatch.dylib
copying file ./Payload/CrowdCheer.app/Frameworks/libswiftos.dylib ... 
2018-10-29 19:56:33 +0000  299936 bytes for ./Payload/CrowdCheer.app/Frameworks/libswiftos.dylib
copying file ./Payload/CrowdCheer.app/Frameworks/libswiftCoreFoundation.dylib ... 
2018-10-29 19:56:33 +0000  250752 bytes for ./Payload/CrowdCheer.app/Frameworks/libswiftCoreFoundation.dylib
copying file ./Payload/CrowdCheer.app/Frameworks/libswiftDarwin.dylib ... 
2018-10-29 19:56:33 +0000  402976 bytes for ./Payload/CrowdCheer.app/Frameworks/libswiftDarwin.dylib
copying file ./Payload/CrowdCheer.app/Frameworks/libswiftQuartzCore.dylib ... 
2018-10-29 19:56:33 +0000  255104 bytes for ./Payload/CrowdCheer.app/Frameworks/libswiftQuartzCore.dylib
2018-10-29 19:56:33 +0000  copying file ./Payload/CrowdCheer.app/Frameworks/Bolts.framework/_CodeSignature/CodeResources ... 
2202 bytes for ./Payload/CrowdCheer.app/Frameworks/Bolts.framework/_CodeSignature/CodeResources
copying file ./Payload/CrowdCheer.app/Frameworks/Bolts.framework/Bolts ... 
2018-10-29 19:56:33 +0000  320640 bytes for ./Payload/CrowdCheer.app/Frameworks/Bolts.framework/Bolts
copying file ./Payload/CrowdCheer.app/Frameworks/Bolts.framework/Info.plist ... 
2018-10-29 19:56:33 +0000  734 bytes for ./Payload/CrowdCheer.app/Frameworks/Bolts.framework/Info.plist
copying file ./Payload/CrowdCheer.app/Frameworks/libswiftCoreAudio.dylib ... 
2018-10-29 19:56:33 +0000  348624 bytes for ./Payload/CrowdCheer.app/Frameworks/libswiftCoreAudio.dylib
2018-10-29 19:56:33 +0000  copying file ./Payload/CrowdCheer.app/Frameworks/libswiftAVFoundation.dylib ... 
2018-10-29 19:56:33 +0000  525872 bytes for ./Payload/CrowdCheer.app/Frameworks/libswiftAVFoundation.dylib
copying file ./Payload/CrowdCheer.app/Frameworks/libswiftFoundation.dylib ... 
2018-10-29 19:56:33 +0000  8352432 bytes for ./Payload/CrowdCheer.app/Frameworks/libswiftFoundation.dylib
copying file ./Payload/CrowdCheer.app/Frameworks/libswiftCoreMedia.dylib ... 
2018-10-29 19:56:33 +0000  299920 bytes for ./Payload/CrowdCheer.app/Frameworks/libswiftCoreMedia.dylib
copying file ./Payload/CrowdCheer.app/Frameworks/libswiftCoreLocation.dylib ... 
2018-10-29 19:56:33 +0000  299328 bytes for ./Payload/CrowdCheer.app/Frameworks/libswiftCoreLocation.dylib
copying file ./Payload/CrowdCheer.app/Frameworks/libswiftsimd.dylib ... 
2018-10-29 19:56:33 +0000  1802624 bytes for ./Payload/CrowdCheer.app/Frameworks/libswiftsimd.dylib
copying file ./Payload/CrowdCheer.app/embedded.mobileprovision ... 
2018-10-29 19:56:33 +0000  8304 bytes for ./Payload/CrowdCheer.app/embedded.mobileprovision
copying file ./Payload/CrowdCheer.app/success.wav ... 
2018-10-29 19:56:33 +0000  270524 bytes for ./Payload/CrowdCheer.app/success.wav
2018-10-29 19:56:33 +0000  copying file ./Payload/CrowdCheer.app/CrowdCheer.momd/VersionInfo.plist ... 
157 bytes for ./Payload/CrowdCheer.app/CrowdCheer.momd/VersionInfo.plist
copying file ./Payload/CrowdCheer.app/CrowdCheer.momd/CrowdCheer.omo ... 
696 bytes for ./Payload/CrowdCheer.app/CrowdCheer.momd/CrowdCheer.omo
copying file ./Payload/CrowdCheer.app/CrowdCheer.momd/CrowdCheer.mom ... 
2018-10-29 19:56:33 +0000  513 bytes for ./Payload/CrowdCheer.app/CrowdCheer.momd/CrowdCheer.mom
copying file ./Payload/CrowdCheer.app/apple-icon-72x72.png ... 
2018-10-29 19:56:33 +0000  3377 bytes for ./Payload/CrowdCheer.app/apple-icon-72x72.png
copying file ./Payload/CrowdCheer.app/Info.plist ... 
1982 bytes for ./Payload/CrowdCheer.app/Info.plist
2018-10-29 19:56:33 +0000  copying file ./Payload/CrowdCheer.app/apple-icon-120x120.png ... 
6330 bytes for ./Payload/CrowdCheer.app/apple-icon-120x120.png
copying file ./Payload/CrowdCheer.app/runner.png ... 
2018-10-29 19:56:33 +0000  1318 bytes for ./Payload/CrowdCheer.app/runner.png
copying file ./Payload/CrowdCheer.app/PkgInfo ... 
8 bytes for ./Payload/CrowdCheer.app/PkgInfo
2018-10-29 19:56:33 +0000 [MT] /usr/bin/ditto exited with 0
2018-10-29 19:56:33 +0000 [MT] Processing step: IDEDistributionAppStoreInformationStep
2018-10-29 19:56:33 +0000 [MT] Skipping step: IDEDistributionAppStoreInformationStep because it said so
2018-10-29 19:56:33 +0000 [MT] Processing step: IDEDistributionCreateManifestStep
